c:\users\home\downloads\sparky-27c773a2fd0433cd5b5caa334988c29662c3e1f7\sparky-27c773a2fd0433cd5b5caa334988c29662c3e1f7\bin\release\intermediates\sparky4j-core\vc140.pdb
c:\users\home\downloads\sparky-27c773a2fd0433cd5b5caa334988c29662c3e1f7\sparky-27c773a2fd0433cd5b5caa334988c29662c3e1f7\bin\release\intermediates\sparky4j-core\sp_graphics_window.obj
c:\users\home\downloads\sparky-27c773a2fd0433cd5b5caa334988c29662c3e1f7\sparky-27c773a2fd0433cd5b5caa334988c29662c3e1f7\bin\release\intermediates\sparky4j-core\sp_graphics_texture.obj
c:\users\home\downloads\sparky-27c773a2fd0433cd5b5caa334988c29662c3e1f7\sparky-27c773a2fd0433cd5b5caa334988c29662c3e1f7\bin\release\intermediates\sparky4j-core\sp_graphics_shaders_shader.obj
c:\users\home\downloads\sparky-27c773a2fd0433cd5b5caa334988c29662c3e1f7\sparky-27c773a2fd0433cd5b5caa334988c29662c3e1f7\bin\release\intermediates\sparky4j-core\sp_graphics_renderer2d.obj
c:\users\home\downloads\sparky-27c773a2fd0433cd5b5caa334988c29662c3e1f7\sparky-27c773a2fd0433cd5b5caa334988c29662c3e1f7\bin\release\intermediates\sparky4j-core\sp_graphics_font.obj
c:\users\home\downloads\sparky-27c773a2fd0433cd5b5caa334988c29662c3e1f7\sparky-27c773a2fd0433cd5b5caa334988c29662c3e1f7\bin\release\intermediates\sparky4j-core\sp_graphics_batchrenderer2d.obj
c:\users\home\downloads\sparky-27c773a2fd0433cd5b5caa334988c29662c3e1f7\sparky-27c773a2fd0433cd5b5caa334988c29662c3e1f7\bin\release\intermediates\sparky4j-core\sp_audio_soundmanager.obj
c:\users\home\downloads\sparky-27c773a2fd0433cd5b5caa334988c29662c3e1f7\sparky-27c773a2fd0433cd5b5caa334988c29662c3e1f7\bin\release\intermediates\sparky4j-core\sp_audio_sound.obj
c:\users\home\downloads\sparky-27c773a2fd0433cd5b5caa334988c29662c3e1f7\sparky-27c773a2fd0433cd5b5caa334988c29662c3e1f7\bin\release\sparky4j-core.dll
c:\users\home\downloads\sparky-27c773a2fd0433cd5b5caa334988c29662c3e1f7\sparky-27c773a2fd0433cd5b5caa334988c29662c3e1f7\bin\release\sparky4j-core.ipdb
c:\users\home\downloads\sparky-27c773a2fd0433cd5b5caa334988c29662c3e1f7\sparky-27c773a2fd0433cd5b5caa334988c29662c3e1f7\bin\release\sparky4j-core.iobj
c:\users\home\downloads\sparky-27c773a2fd0433cd5b5caa334988c29662c3e1f7\sparky-27c773a2fd0433cd5b5caa334988c29662c3e1f7\bin\release\sparky4j-core.pdb
c:\users\home\downloads\sparky-27c773a2fd0433cd5b5caa334988c29662c3e1f7\sparky-27c773a2fd0433cd5b5caa334988c29662c3e1f7\bin\release\sparky4j-core.lib
c:\users\home\downloads\sparky-27c773a2fd0433cd5b5caa334988c29662c3e1f7\sparky-27c773a2fd0433cd5b5caa334988c29662c3e1f7\bin\release\sparky4j-core.exp
c:\users\home\downloads\sparky-27c773a2fd0433cd5b5caa334988c29662c3e1f7\sparky-27c773a2fd0433cd5b5caa334988c29662c3e1f7\bin\release\intermediates\sparky4j-core\sandbox.vcxprojresolveassemblyreference.cache
c:\users\home\downloads\sparky-27c773a2fd0433cd5b5caa334988c29662c3e1f7\sparky-27c773a2fd0433cd5b5caa334988c29662c3e1f7\bin\release\intermediates\sparky4j-core\sparky4j-core.tlog\cl.command.1.tlog
c:\users\home\downloads\sparky-27c773a2fd0433cd5b5caa334988c29662c3e1f7\sparky-27c773a2fd0433cd5b5caa334988c29662c3e1f7\bin\release\intermediates\sparky4j-core\sparky4j-core.tlog\cl.read.1.tlog
c:\users\home\downloads\sparky-27c773a2fd0433cd5b5caa334988c29662c3e1f7\sparky-27c773a2fd0433cd5b5caa334988c29662c3e1f7\bin\release\intermediates\sparky4j-core\sparky4j-core.tlog\cl.write.1.tlog
c:\users\home\downloads\sparky-27c773a2fd0433cd5b5caa334988c29662c3e1f7\sparky-27c773a2fd0433cd5b5caa334988c29662c3e1f7\bin\release\intermediates\sparky4j-core\sparky4j-core.tlog\link.command.1.tlog
c:\users\home\downloads\sparky-27c773a2fd0433cd5b5caa334988c29662c3e1f7\sparky-27c773a2fd0433cd5b5caa334988c29662c3e1f7\bin\release\intermediates\sparky4j-core\sparky4j-core.tlog\link.read.1.tlog
c:\users\home\downloads\sparky-27c773a2fd0433cd5b5caa334988c29662c3e1f7\sparky-27c773a2fd0433cd5b5caa334988c29662c3e1f7\bin\release\intermediates\sparky4j-core\sparky4j-core.tlog\link.write.1.tlog
c:\users\home\downloads\sparky-27c773a2fd0433cd5b5caa334988c29662c3e1f7\sparky-27c773a2fd0433cd5b5caa334988c29662c3e1f7\bin\release\intermediates\sparky4j-core\sparky4j-core.tlog\sparky4j-core.write.1u.tlog
