c:\users\home\downloads\sparky-27c773a2fd0433cd5b5caa334988c29662c3e1f7\sparky-27c773a2fd0433cd5b5caa334988c29662c3e1f7\bin\release\intermediates\sparky-core\sparky-core.pdb
c:\users\home\downloads\sparky-27c773a2fd0433cd5b5caa334988c29662c3e1f7\sparky-27c773a2fd0433cd5b5caa334988c29662c3e1f7\bin\release\intermediates\sparky-core\ftstroke.obj
c:\users\home\downloads\sparky-27c773a2fd0433cd5b5caa334988c29662c3e1f7\sparky-27c773a2fd0433cd5b5caa334988c29662c3e1f7\bin\release\intermediates\sparky-core\ftpfr.obj
c:\users\home\downloads\sparky-27c773a2fd0433cd5b5caa334988c29662c3e1f7\sparky-27c773a2fd0433cd5b5caa334988c29662c3e1f7\bin\release\intermediates\sparky-core\ftpatent.obj
c:\users\home\downloads\sparky-27c773a2fd0433cd5b5caa334988c29662c3e1f7\sparky-27c773a2fd0433cd5b5caa334988c29662c3e1f7\bin\release\intermediates\sparky-core\ftotval.obj
c:\users\home\downloads\sparky-27c773a2fd0433cd5b5caa334988c29662c3e1f7\sparky-27c773a2fd0433cd5b5caa334988c29662c3e1f7\bin\release\intermediates\sparky-core\ftmm.obj
c:\users\home\downloads\sparky-27c773a2fd0433cd5b5caa334988c29662c3e1f7\sparky-27c773a2fd0433cd5b5caa334988c29662c3e1f7\bin\release\intermediates\sparky-core\ftlcdfil.obj
c:\users\home\downloads\sparky-27c773a2fd0433cd5b5caa334988c29662c3e1f7\sparky-27c773a2fd0433cd5b5caa334988c29662c3e1f7\bin\release\intermediates\sparky-core\ftinit.obj
c:\users\home\downloads\sparky-27c773a2fd0433cd5b5caa334988c29662c3e1f7\sparky-27c773a2fd0433cd5b5caa334988c29662c3e1f7\bin\release\intermediates\sparky-core\ftgxval.obj
c:\users\home\downloads\sparky-27c773a2fd0433cd5b5caa334988c29662c3e1f7\sparky-27c773a2fd0433cd5b5caa334988c29662c3e1f7\bin\release\intermediates\sparky-core\ftglyph.obj
c:\users\home\downloads\sparky-27c773a2fd0433cd5b5caa334988c29662c3e1f7\sparky-27c773a2fd0433cd5b5caa334988c29662c3e1f7\bin\release\intermediates\sparky-core\ftgasp.obj
c:\users\home\downloads\sparky-27c773a2fd0433cd5b5caa334988c29662c3e1f7\sparky-27c773a2fd0433cd5b5caa334988c29662c3e1f7\bin\release\intermediates\sparky-core\ftfstype.obj
c:\users\home\downloads\sparky-27c773a2fd0433cd5b5caa334988c29662c3e1f7\sparky-27c773a2fd0433cd5b5caa334988c29662c3e1f7\bin\release\intermediates\sparky-core\ftdebug.obj
c:\users\home\downloads\sparky-27c773a2fd0433cd5b5caa334988c29662c3e1f7\sparky-27c773a2fd0433cd5b5caa334988c29662c3e1f7\bin\release\intermediates\sparky-core\ftbitmap.obj
c:\users\home\downloads\sparky-27c773a2fd0433cd5b5caa334988c29662c3e1f7\sparky-27c773a2fd0433cd5b5caa334988c29662c3e1f7\bin\release\intermediates\sparky-core\ftbbox.obj
c:\users\home\downloads\sparky-27c773a2fd0433cd5b5caa334988c29662c3e1f7\sparky-27c773a2fd0433cd5b5caa334988c29662c3e1f7\bin\release\intermediates\sparky-core\ftbase.obj
c:\users\home\downloads\sparky-27c773a2fd0433cd5b5caa334988c29662c3e1f7\sparky-27c773a2fd0433cd5b5caa334988c29662c3e1f7\bin\release\intermediates\sparky-core\autofit.obj
c:\users\home\downloads\sparky-27c773a2fd0433cd5b5caa334988c29662c3e1f7\sparky-27c773a2fd0433cd5b5caa334988c29662c3e1f7\bin\release\intermediates\sparky-core\vector.obj
c:\users\home\downloads\sparky-27c773a2fd0433cd5b5caa334988c29662c3e1f7\sparky-27c773a2fd0433cd5b5caa334988c29662c3e1f7\bin\release\intermediates\sparky-core\texture-font.obj
c:\users\home\downloads\sparky-27c773a2fd0433cd5b5caa334988c29662c3e1f7\sparky-27c773a2fd0433cd5b5caa334988c29662c3e1f7\bin\release\intermediates\sparky-core\texture-atlas.obj
c:\users\home\downloads\sparky-27c773a2fd0433cd5b5caa334988c29662c3e1f7\sparky-27c773a2fd0433cd5b5caa334988c29662c3e1f7\bin\release\intermediates\sparky-core\platform.obj
c:\users\home\downloads\sparky-27c773a2fd0433cd5b5caa334988c29662c3e1f7\sparky-27c773a2fd0433cd5b5caa334988c29662c3e1f7\bin\release\intermediates\sparky-core\truetype.obj
c:\users\home\downloads\sparky-27c773a2fd0433cd5b5caa334988c29662c3e1f7\sparky-27c773a2fd0433cd5b5caa334988c29662c3e1f7\bin\release\intermediates\sparky-core\smooth.obj
c:\users\home\downloads\sparky-27c773a2fd0433cd5b5caa334988c29662c3e1f7\sparky-27c773a2fd0433cd5b5caa334988c29662c3e1f7\bin\release\intermediates\sparky-core\sfnt.obj
c:\users\home\downloads\sparky-27c773a2fd0433cd5b5caa334988c29662c3e1f7\sparky-27c773a2fd0433cd5b5caa334988c29662c3e1f7\bin\release\intermediates\sparky-core\raster.obj
c:\users\home\downloads\sparky-27c773a2fd0433cd5b5caa334988c29662c3e1f7\sparky-27c773a2fd0433cd5b5caa334988c29662c3e1f7\bin\release\intermediates\sparky-core\psmodule.obj
c:\users\home\downloads\sparky-27c773a2fd0433cd5b5caa334988c29662c3e1f7\sparky-27c773a2fd0433cd5b5caa334988c29662c3e1f7\bin\release\intermediates\sparky-core\pshinter.obj
c:\users\home\downloads\sparky-27c773a2fd0433cd5b5caa334988c29662c3e1f7\sparky-27c773a2fd0433cd5b5caa334988c29662c3e1f7\bin\release\intermediates\sparky-core\psaux.obj
c:\users\home\downloads\sparky-27c773a2fd0433cd5b5caa334988c29662c3e1f7\sparky-27c773a2fd0433cd5b5caa334988c29662c3e1f7\bin\release\intermediates\sparky-core\pfr.obj
c:\users\home\downloads\sparky-27c773a2fd0433cd5b5caa334988c29662c3e1f7\sparky-27c773a2fd0433cd5b5caa334988c29662c3e1f7\bin\release\intermediates\sparky-core\pcf.obj
c:\users\home\downloads\sparky-27c773a2fd0433cd5b5caa334988c29662c3e1f7\sparky-27c773a2fd0433cd5b5caa334988c29662c3e1f7\bin\release\intermediates\sparky-core\ftlzw.obj
c:\users\home\downloads\sparky-27c773a2fd0433cd5b5caa334988c29662c3e1f7\sparky-27c773a2fd0433cd5b5caa334988c29662c3e1f7\bin\release\intermediates\sparky-core\ftgzip.obj
c:\users\home\downloads\sparky-27c773a2fd0433cd5b5caa334988c29662c3e1f7\sparky-27c773a2fd0433cd5b5caa334988c29662c3e1f7\bin\release\intermediates\sparky-core\type1cid.obj
c:\users\home\downloads\sparky-27c773a2fd0433cd5b5caa334988c29662c3e1f7\sparky-27c773a2fd0433cd5b5caa334988c29662c3e1f7\bin\release\intermediates\sparky-core\cff.obj
c:\users\home\downloads\sparky-27c773a2fd0433cd5b5caa334988c29662c3e1f7\sparky-27c773a2fd0433cd5b5caa334988c29662c3e1f7\bin\release\intermediates\sparky-core\ftcache.obj
c:\users\home\downloads\sparky-27c773a2fd0433cd5b5caa334988c29662c3e1f7\sparky-27c773a2fd0433cd5b5caa334988c29662c3e1f7\bin\release\intermediates\sparky-core\bdf.obj
c:\users\home\downloads\sparky-27c773a2fd0433cd5b5caa334988c29662c3e1f7\sparky-27c773a2fd0433cd5b5caa334988c29662c3e1f7\bin\release\intermediates\sparky-core\ftxf86.obj
c:\users\home\downloads\sparky-27c773a2fd0433cd5b5caa334988c29662c3e1f7\sparky-27c773a2fd0433cd5b5caa334988c29662c3e1f7\bin\release\intermediates\sparky-core\ftwinfnt.obj
c:\users\home\downloads\sparky-27c773a2fd0433cd5b5caa334988c29662c3e1f7\sparky-27c773a2fd0433cd5b5caa334988c29662c3e1f7\bin\release\intermediates\sparky-core\fttype1.obj
c:\users\home\downloads\sparky-27c773a2fd0433cd5b5caa334988c29662c3e1f7\sparky-27c773a2fd0433cd5b5caa334988c29662c3e1f7\bin\release\intermediates\sparky-core\ftsystem.obj
c:\users\home\downloads\sparky-27c773a2fd0433cd5b5caa334988c29662c3e1f7\sparky-27c773a2fd0433cd5b5caa334988c29662c3e1f7\bin\release\intermediates\sparky-core\ftsynth.obj
c:\users\home\downloads\sparky-27c773a2fd0433cd5b5caa334988c29662c3e1f7\sparky-27c773a2fd0433cd5b5caa334988c29662c3e1f7\bin\release\intermediates\sparky-core\ga_stream.obj
c:\users\home\downloads\sparky-27c773a2fd0433cd5b5caa334988c29662c3e1f7\sparky-27c773a2fd0433cd5b5caa334988c29662c3e1f7\bin\release\intermediates\sparky-core\gau.obj
c:\users\home\downloads\sparky-27c773a2fd0433cd5b5caa334988c29662c3e1f7\sparky-27c773a2fd0433cd5b5caa334988c29662c3e1f7\bin\release\intermediates\sparky-core\ga.obj
c:\users\home\downloads\sparky-27c773a2fd0433cd5b5caa334988c29662c3e1f7\sparky-27c773a2fd0433cd5b5caa334988c29662c3e1f7\bin\release\intermediates\sparky-core\ga_openal.obj
c:\users\home\downloads\sparky-27c773a2fd0433cd5b5caa334988c29662c3e1f7\sparky-27c773a2fd0433cd5b5caa334988c29662c3e1f7\bin\release\intermediates\sparky-core\gc_thread.obj
c:\users\home\downloads\sparky-27c773a2fd0433cd5b5caa334988c29662c3e1f7\sparky-27c773a2fd0433cd5b5caa334988c29662c3e1f7\bin\release\intermediates\sparky-core\gc_common.obj
c:\users\home\downloads\sparky-27c773a2fd0433cd5b5caa334988c29662c3e1f7\sparky-27c773a2fd0433cd5b5caa334988c29662c3e1f7\bin\release\intermediates\sparky-core\winfnt.obj
c:\users\home\downloads\sparky-27c773a2fd0433cd5b5caa334988c29662c3e1f7\sparky-27c773a2fd0433cd5b5caa334988c29662c3e1f7\bin\release\intermediates\sparky-core\type42.obj
c:\users\home\downloads\sparky-27c773a2fd0433cd5b5caa334988c29662c3e1f7\sparky-27c773a2fd0433cd5b5caa334988c29662c3e1f7\bin\release\intermediates\sparky-core\type1.obj
c:\users\home\downloads\sparky-27c773a2fd0433cd5b5caa334988c29662c3e1f7\sparky-27c773a2fd0433cd5b5caa334988c29662c3e1f7\bin\release\intermediates\sparky-core\posteffects.obj
c:\users\home\downloads\sparky-27c773a2fd0433cd5b5caa334988c29662c3e1f7\sparky-27c773a2fd0433cd5b5caa334988c29662c3e1f7\bin\release\intermediates\sparky-core\meshfactory.obj
c:\users\home\downloads\sparky-27c773a2fd0433cd5b5caa334988c29662c3e1f7\sparky-27c773a2fd0433cd5b5caa334988c29662c3e1f7\bin\release\intermediates\sparky-core\layer2d.obj
c:\users\home\downloads\sparky-27c773a2fd0433cd5b5caa334988c29662c3e1f7\sparky-27c773a2fd0433cd5b5caa334988c29662c3e1f7\bin\release\intermediates\sparky-core\layer.obj
c:\users\home\downloads\sparky-27c773a2fd0433cd5b5caa334988c29662c3e1f7\sparky-27c773a2fd0433cd5b5caa334988c29662c3e1f7\bin\release\intermediates\sparky-core\group.obj
c:\users\home\downloads\sparky-27c773a2fd0433cd5b5caa334988c29662c3e1f7\sparky-27c773a2fd0433cd5b5caa334988c29662c3e1f7\bin\release\intermediates\sparky-core\label.obj
c:\users\home\downloads\sparky-27c773a2fd0433cd5b5caa334988c29662c3e1f7\sparky-27c773a2fd0433cd5b5caa334988c29662c3e1f7\bin\release\intermediates\sparky-core\framebuffer.obj
c:\users\home\downloads\sparky-27c773a2fd0433cd5b5caa334988c29662c3e1f7\sparky-27c773a2fd0433cd5b5caa334988c29662c3e1f7\bin\release\intermediates\sparky-core\fontmanager.obj
c:\users\home\downloads\sparky-27c773a2fd0433cd5b5caa334988c29662c3e1f7\sparky-27c773a2fd0433cd5b5caa334988c29662c3e1f7\bin\release\intermediates\sparky-core\font.obj
c:\users\home\downloads\sparky-27c773a2fd0433cd5b5caa334988c29662c3e1f7\sparky-27c773a2fd0433cd5b5caa334988c29662c3e1f7\bin\release\intermediates\sparky-core\vertexarray.obj
c:\users\home\downloads\sparky-27c773a2fd0433cd5b5caa334988c29662c3e1f7\sparky-27c773a2fd0433cd5b5caa334988c29662c3e1f7\bin\release\intermediates\sparky-core\indexbuffer.obj
c:\users\home\downloads\sparky-27c773a2fd0433cd5b5caa334988c29662c3e1f7\sparky-27c773a2fd0433cd5b5caa334988c29662c3e1f7\bin\release\intermediates\sparky-core\bufferlayout.obj
c:\users\home\downloads\sparky-27c773a2fd0433cd5b5caa334988c29662c3e1f7\sparky-27c773a2fd0433cd5b5caa334988c29662c3e1f7\bin\release\intermediates\sparky-core\batchrenderer2d.obj
c:\users\home\downloads\sparky-27c773a2fd0433cd5b5caa334988c29662c3e1f7\sparky-27c773a2fd0433cd5b5caa334988c29662c3e1f7\bin\release\intermediates\sparky-core\mouseevent.obj
c:\users\home\downloads\sparky-27c773a2fd0433cd5b5caa334988c29662c3e1f7\sparky-27c773a2fd0433cd5b5caa334988c29662c3e1f7\bin\release\intermediates\sparky-core\keyevent.obj
c:\users\home\downloads\sparky-27c773a2fd0433cd5b5caa334988c29662c3e1f7\sparky-27c773a2fd0433cd5b5caa334988c29662c3e1f7\bin\release\intermediates\sparky-core\event.obj
c:\users\home\downloads\sparky-27c773a2fd0433cd5b5caa334988c29662c3e1f7\sparky-27c773a2fd0433cd5b5caa334988c29662c3e1f7\bin\release\intermediates\sparky-core\embedded.obj
c:\users\home\downloads\sparky-27c773a2fd0433cd5b5caa334988c29662c3e1f7\sparky-27c773a2fd0433cd5b5caa334988c29662c3e1f7\bin\release\intermediates\sparky-core\soundmanager.obj
c:\users\home\downloads\sparky-27c773a2fd0433cd5b5caa334988c29662c3e1f7\sparky-27c773a2fd0433cd5b5caa334988c29662c3e1f7\bin\release\intermediates\sparky-core\sound.obj
c:\users\home\downloads\sparky-27c773a2fd0433cd5b5caa334988c29662c3e1f7\sparky-27c773a2fd0433cd5b5caa334988c29662c3e1f7\bin\release\intermediates\sparky-core\application.obj
c:\users\home\downloads\sparky-27c773a2fd0433cd5b5caa334988c29662c3e1f7\sparky-27c773a2fd0433cd5b5caa334988c29662c3e1f7\bin\release\intermediates\sparky-core\win32window.obj
c:\users\home\downloads\sparky-27c773a2fd0433cd5b5caa334988c29662c3e1f7\sparky-27c773a2fd0433cd5b5caa334988c29662c3e1f7\bin\release\intermediates\sparky-core\win32log.obj
c:\users\home\downloads\sparky-27c773a2fd0433cd5b5caa334988c29662c3e1f7\sparky-27c773a2fd0433cd5b5caa334988c29662c3e1f7\bin\release\intermediates\sparky-core\win32application.obj
c:\users\home\downloads\sparky-27c773a2fd0433cd5b5caa334988c29662c3e1f7\sparky-27c773a2fd0433cd5b5caa334988c29662c3e1f7\bin\release\intermediates\sparky-core\spopenglrenderapi.obj
c:\users\home\downloads\sparky-27c773a2fd0433cd5b5caa334988c29662c3e1f7\sparky-27c773a2fd0433cd5b5caa334988c29662c3e1f7\bin\release\intermediates\sparky-core\spopenglbuffer.obj
c:\users\home\downloads\sparky-27c773a2fd0433cd5b5caa334988c29662c3e1f7\sparky-27c773a2fd0433cd5b5caa334988c29662c3e1f7\bin\release\intermediates\sparky-core\vec4.obj
c:\users\home\downloads\sparky-27c773a2fd0433cd5b5caa334988c29662c3e1f7\sparky-27c773a2fd0433cd5b5caa334988c29662c3e1f7\bin\release\intermediates\sparky-core\vec3.obj
c:\users\home\downloads\sparky-27c773a2fd0433cd5b5caa334988c29662c3e1f7\sparky-27c773a2fd0433cd5b5caa334988c29662c3e1f7\bin\release\intermediates\sparky-core\vec2.obj
c:\users\home\downloads\sparky-27c773a2fd0433cd5b5caa334988c29662c3e1f7\sparky-27c773a2fd0433cd5b5caa334988c29662c3e1f7\bin\release\intermediates\sparky-core\mat4.obj
c:\users\home\downloads\sparky-27c773a2fd0433cd5b5caa334988c29662c3e1f7\sparky-27c773a2fd0433cd5b5caa334988c29662c3e1f7\bin\release\intermediates\sparky-core\aabb.obj
c:\users\home\downloads\sparky-27c773a2fd0433cd5b5caa334988c29662c3e1f7\sparky-27c773a2fd0433cd5b5caa334988c29662c3e1f7\bin\release\intermediates\sparky-core\window.obj
c:\users\home\downloads\sparky-27c773a2fd0433cd5b5caa334988c29662c3e1f7\sparky-27c773a2fd0433cd5b5caa334988c29662c3e1f7\bin\release\intermediates\sparky-core\texturemanager.obj
c:\users\home\downloads\sparky-27c773a2fd0433cd5b5caa334988c29662c3e1f7\sparky-27c773a2fd0433cd5b5caa334988c29662c3e1f7\bin\release\intermediates\sparky-core\texture.obj
c:\users\home\downloads\sparky-27c773a2fd0433cd5b5caa334988c29662c3e1f7\sparky-27c773a2fd0433cd5b5caa334988c29662c3e1f7\bin\release\intermediates\sparky-core\sprite.obj
c:\users\home\downloads\sparky-27c773a2fd0433cd5b5caa334988c29662c3e1f7\sparky-27c773a2fd0433cd5b5caa334988c29662c3e1f7\bin\release\intermediates\sparky-core\shaderfactory.obj
c:\users\home\downloads\sparky-27c773a2fd0433cd5b5caa334988c29662c3e1f7\sparky-27c773a2fd0433cd5b5caa334988c29662c3e1f7\bin\release\intermediates\sparky-core\shader.obj
c:\users\home\downloads\sparky-27c773a2fd0433cd5b5caa334988c29662c3e1f7\sparky-27c773a2fd0433cd5b5caa334988c29662c3e1f7\bin\release\intermediates\sparky-core\posteffectspass.obj
c:\users\home\downloads\sparky-27c773a2fd0433cd5b5caa334988c29662c3e1f7\sparky-27c773a2fd0433cd5b5caa334988c29662c3e1f7\bin\release\sparky-core.lib
c:\users\home\downloads\sparky-27c773a2fd0433cd5b5caa334988c29662c3e1f7\sparky-27c773a2fd0433cd5b5caa334988c29662c3e1f7\bin\release\intermediates\sparky-core\sparky-core.tlog\cl.command.1.tlog
c:\users\home\downloads\sparky-27c773a2fd0433cd5b5caa334988c29662c3e1f7\sparky-27c773a2fd0433cd5b5caa334988c29662c3e1f7\bin\release\intermediates\sparky-core\sparky-core.tlog\cl.read.1.tlog
c:\users\home\downloads\sparky-27c773a2fd0433cd5b5caa334988c29662c3e1f7\sparky-27c773a2fd0433cd5b5caa334988c29662c3e1f7\bin\release\intermediates\sparky-core\sparky-core.tlog\cl.write.1.tlog
c:\users\home\downloads\sparky-27c773a2fd0433cd5b5caa334988c29662c3e1f7\sparky-27c773a2fd0433cd5b5caa334988c29662c3e1f7\bin\release\intermediates\sparky-core\sparky-core.tlog\lib-link.read.1.tlog
c:\users\home\downloads\sparky-27c773a2fd0433cd5b5caa334988c29662c3e1f7\sparky-27c773a2fd0433cd5b5caa334988c29662c3e1f7\bin\release\intermediates\sparky-core\sparky-core.tlog\lib-link.write.1.tlog
c:\users\home\downloads\sparky-27c773a2fd0433cd5b5caa334988c29662c3e1f7\sparky-27c773a2fd0433cd5b5caa334988c29662c3e1f7\bin\release\intermediates\sparky-core\sparky-core.tlog\lib.command.1.tlog
