c:\users\home\documents\visual studio 2015\projects\sparky4j\sparky4j-core\x64\debug\vc140.pdb
c:\users\home\documents\visual studio 2015\projects\sparky4j\sparky4j-core\x64\debug\vc140.idb
c:\users\home\documents\visual studio 2015\projects\sparky4j\sparky4j-core\x64\debug\sp_sparky4j_core_graphics_sprite.obj
c:\users\home\documents\visual studio 2015\projects\sparky4j\sparky4j-core\x64\debug\sp_sparky4j_core_graphics_staticsprite.obj
c:\users\home\documents\visual studio 2015\projects\sparky4j\sparky4j-core\x64\debug\sp_sparky4j_core_graphics_window.obj
c:\users\home\documents\visual studio 2015\projects\sparky4j\sparky4j-core\x64\debug\sp_sparky4j_core_maths_matrix4.obj
c:\users\home\documents\visual studio 2015\projects\sparky4j\sparky4j-core\x64\debug\sp_sparky4j_core_maths_vector2.obj
c:\users\home\documents\visual studio 2015\projects\sparky4j\sparky4j-core\x64\debug\sp_sparky4j_core_maths_vector3.obj
c:\users\home\documents\visual studio 2015\projects\sparky4j\sparky4j-core\x64\debug\sp_sparky4j_core_maths_vector4.obj
c:\users\home\documents\visual studio 2015\projects\sparky4j\sparky4j-core\x64\debug\batchrenderer2d.obj
c:\users\home\documents\visual studio 2015\projects\sparky4j\sparky4j-core\x64\debug\buffer.obj
c:\users\home\documents\visual studio 2015\projects\sparky4j\sparky4j-core\x64\debug\indexbuffer.obj
c:\users\home\documents\visual studio 2015\projects\sparky4j\sparky4j-core\x64\debug\vertexarray.obj
c:\users\home\documents\visual studio 2015\projects\sparky4j\sparky4j-core\x64\debug\shader.obj
c:\users\home\documents\visual studio 2015\projects\sparky4j\sparky4j-core\x64\debug\simple2drenderer.obj
c:\users\home\documents\visual studio 2015\projects\sparky4j\sparky4j-core\x64\debug\sprite.obj
c:\users\home\documents\visual studio 2015\projects\sparky4j\sparky4j-core\x64\debug\static_sprite.obj
c:\users\home\documents\visual studio 2015\projects\sparky4j\sparky4j-core\x64\debug\window.obj
c:\users\home\documents\visual studio 2015\projects\sparky4j\sparky4j-core\x64\debug\mat4.obj
c:\users\home\documents\visual studio 2015\projects\sparky4j\sparky4j-core\x64\debug\vec2.obj
c:\users\home\documents\visual studio 2015\projects\sparky4j\sparky4j-core\x64\debug\vec3.obj
c:\users\home\documents\visual studio 2015\projects\sparky4j\sparky4j-core\x64\debug\vec4.obj
c:\users\home\documents\visual studio 2015\projects\sparky4j\sparky4j-core\x64\debug\sp_sparky4j_core_fileutils.obj
c:\users\home\documents\visual studio 2015\projects\sparky4j\sparky4j-core\x64\debug\sp_sparky4j_core_gl.obj
c:\users\home\documents\visual studio 2015\projects\sparky4j\sparky4j-core\x64\debug\sp_sparky4j_core_graphics_batchrenderer2d.obj
c:\users\home\documents\visual studio 2015\projects\sparky4j\sparky4j-core\x64\debug\sp_sparky4j_core_graphics_renderable2d.obj
c:\users\home\documents\visual studio 2015\projects\sparky4j\sparky4j-core\x64\debug\sp_sparky4j_core_graphics_shader.obj
c:\users\home\documents\visual studio 2015\projects\sparky4j\sparky4j-core\x64\debug\sp_sparky4j_core_graphics_simple2drenderer.obj
c:\users\home\documents\visual studio 2015\projects\sparky4j\x64\debug\sparky4j-core.ilk
c:\users\home\documents\visual studio 2015\projects\sparky4j\x64\debug\sparky4j-core.dll
c:\users\home\documents\visual studio 2015\projects\sparky4j\x64\debug\sparky4j-core.pdb
c:\users\home\documents\visual studio 2015\projects\sparky4j\x64\debug\sparky4j-core.lib
c:\users\home\documents\visual studio 2015\projects\sparky4j\x64\debug\sparky4j-core.exp
c:\users\home\documents\visual studio 2015\projects\sparky4j\sparky4j-core\x64\debug\sparky4j-core.tlog\cl.command.1.tlog
c:\users\home\documents\visual studio 2015\projects\sparky4j\sparky4j-core\x64\debug\sparky4j-core.tlog\cl.read.1.tlog
c:\users\home\documents\visual studio 2015\projects\sparky4j\sparky4j-core\x64\debug\sparky4j-core.tlog\cl.write.1.tlog
c:\users\home\documents\visual studio 2015\projects\sparky4j\sparky4j-core\x64\debug\sparky4j-core.tlog\link.command.1.tlog
c:\users\home\documents\visual studio 2015\projects\sparky4j\sparky4j-core\x64\debug\sparky4j-core.tlog\link.read.1.tlog
c:\users\home\documents\visual studio 2015\projects\sparky4j\sparky4j-core\x64\debug\sparky4j-core.tlog\link.write.1.tlog
c:\users\home\documents\visual studio 2015\projects\sparky4j\sparky4j-core\x64\debug\sparky4j-core.tlog\sparky4j-core.write.1u.tlog
