  sp_sparky4j_core_graphics_BatchRenderer2D.cpp
jni\sp_sparky4j_core_graphics_BatchRenderer2D.cpp(18): warning C4800: 'jboolean': forcing value to bool 'true' or 'false' (performance warning)
  sp_sparky4j_core_graphics_Renderable2D.cpp
  sp_sparky4j_core_graphics_Shader.cpp
  sp_sparky4j_core_graphics_Simple2DRenderer.cpp
jni\sp_sparky4j_core_graphics_Simple2DRenderer.cpp(31): warning C4800: 'jboolean': forcing value to bool 'true' or 'false' (performance warning)
  sp_sparky4j_core_graphics_Sprite.cpp
  sp_sparky4j_core_graphics_StaticSprite.cpp
  sp_sparky4j_core_graphics_Texture.cpp
  sp_sparky4j_core_graphics_Window.cpp
  sp_sparky4j_core_maths_Matrix4.cpp
  sp_sparky4j_core_maths_Vector2.cpp
  sp_sparky4j_core_maths_Vector3.cpp
  sp_sparky4j_core_maths_Vector4.cpp
     Creating library C:\Users\home\Documents\Visual Studio 2015\Projects\Sparky4j\x64\Release\Sparky4j-core.lib and object C:\Users\home\Documents\Visual Studio 2015\Projects\Sparky4j\x64\Release\Sparky4j-core.exp
LINK : warning LNK4098: defaultlib 'LIBCMT' conflicts with use of other libs; use /NODEFAULTLIB:library
  Generating code
  163 of 588 functions (27.7%) were compiled, the rest were copied from previous compilation.
    9 functions were new in current compilation
    6 functions had inline decision re-evaluated but remain unchanged
  Finished generating code
glew32s.lib(glew.obj) : warning LNK4099: PDB 'vc120.pdb' was not found with 'glew32s.lib(glew.obj)' or at 'C:\Users\home\Documents\Visual Studio 2015\Projects\Sparky4j\x64\Release\vc120.pdb'; linking object as if no debug info
  Sparky4j-core.vcxproj -> C:\Users\home\Documents\Visual Studio 2015\Projects\Sparky4j\x64\Release\Sparky4j-core.dll
  Sparky4j-core.vcxproj -> C:\Users\home\Documents\Visual Studio 2015\Projects\Sparky4j\x64\Release\Sparky4j-core.pdb (Full PDB)
