C:\Program Files (x86)\MSBuild\Microsoft.Cpp\v4.0\V140\Microsoft.CppBuild.targets(392,5): warning MSB8028: The intermediate directory (x64\Release\) contains files shared from another project (Sparky4j-core Optimized.vcxproj).  This can lead to incorrect clean and rebuild behavior.
cl : Command line warning D9002: ignoring unknown option '/arch:SSE2'
  sp_sparky4j_core_graphics_BatchRenderer2D.cpp
  sp_sparky4j_core_graphics_Font.cpp
  sp_sparky4j_core_graphics_Renderable2D.cpp
  sp_sparky4j_core_graphics_Sprite.cpp
  BatchRenderer2d.cpp
  buffer.cpp
  font.cpp
src\graphics\font.cpp(9): warning C4244: 'argument': conversion from 'int' to 'const float', possible loss of data
  group.cpp
  layer.cpp
  tilelayer.cpp
  sprite.cpp
     Creating library C:\Users\home\Documents\Visual Studio 2015\Projects\Sparky4j\x64\Release\Sparky4j-core.lib and object C:\Users\home\Documents\Visual Studio 2015\Projects\Sparky4j\x64\Release\Sparky4j-core.exp
LINK : warning LNK4098: defaultlib 'LIBCMT' conflicts with use of other libs; use /NODEFAULTLIB:library
  Generating code
  All 2069 functions were compiled because no usable IPDB/IOBJ from previous compilation was found.
  Finished generating code
glew32s.lib(glew.obj) : warning LNK4099: PDB 'vc120.pdb' was not found with 'glew32s.lib(glew.obj)' or at 'C:\Users\home\Documents\Visual Studio 2015\Projects\Sparky4j\x64\Release\vc120.pdb'; linking object as if no debug info
  Sparky4j-core Optimized.vcxproj -> C:\Users\home\Documents\Visual Studio 2015\Projects\Sparky4j\x64\Release\Sparky4j-core.dll
  Sparky4j-core Optimized.vcxproj -> C:\Users\home\Documents\Visual Studio 2015\Projects\Sparky4j\x64\Release\Sparky4j-core.pdb (Full PDB)
