c:\users\home\documents\visual studio 2015\projects\sparky4j\sparky4j-core\x64\release\batchrenderer2d.obj
c:\users\home\documents\visual studio 2015\projects\sparky4j\sparky4j-core\x64\release\buffer.obj
c:\users\home\documents\visual studio 2015\projects\sparky4j\sparky4j-core\x64\release\indexbuffer.obj
c:\users\home\documents\visual studio 2015\projects\sparky4j\sparky4j-core\x64\release\mat4.obj
c:\users\home\documents\visual studio 2015\projects\sparky4j\sparky4j-core\x64\release\shader.obj
c:\users\home\documents\visual studio 2015\projects\sparky4j\sparky4j-core\x64\release\simple2drenderer.obj
c:\users\home\documents\visual studio 2015\projects\sparky4j\sparky4j-core\x64\release\sprite.obj
c:\users\home\documents\visual studio 2015\projects\sparky4j\sparky4j-core\x64\release\sp_sparky4j_core_graphics_batchrenderer2d.obj
c:\users\home\documents\visual studio 2015\projects\sparky4j\sparky4j-core\x64\release\sp_sparky4j_core_graphics_renderable2d.obj
c:\users\home\documents\visual studio 2015\projects\sparky4j\sparky4j-core\x64\release\sp_sparky4j_core_graphics_shader.obj
c:\users\home\documents\visual studio 2015\projects\sparky4j\sparky4j-core\x64\release\sp_sparky4j_core_graphics_simple2drenderer.obj
c:\users\home\documents\visual studio 2015\projects\sparky4j\sparky4j-core\x64\release\sp_sparky4j_core_graphics_sprite.obj
c:\users\home\documents\visual studio 2015\projects\sparky4j\sparky4j-core\x64\release\sp_sparky4j_core_graphics_staticsprite.obj
c:\users\home\documents\visual studio 2015\projects\sparky4j\sparky4j-core\x64\release\sp_sparky4j_core_graphics_texture.obj
c:\users\home\documents\visual studio 2015\projects\sparky4j\sparky4j-core\x64\release\sp_sparky4j_core_graphics_window.obj
c:\users\home\documents\visual studio 2015\projects\sparky4j\sparky4j-core\x64\release\static_sprite.obj
c:\users\home\documents\visual studio 2015\projects\sparky4j\sparky4j-core\x64\release\texture.obj
c:\users\home\documents\visual studio 2015\projects\sparky4j\sparky4j-core\x64\release\vec2.obj
c:\users\home\documents\visual studio 2015\projects\sparky4j\sparky4j-core\x64\release\vec3.obj
c:\users\home\documents\visual studio 2015\projects\sparky4j\sparky4j-core\x64\release\vec4.obj
c:\users\home\documents\visual studio 2015\projects\sparky4j\sparky4j-core\x64\release\vertexarray.obj
c:\users\home\documents\visual studio 2015\projects\sparky4j\sparky4j-core\x64\release\window.obj
c:\users\home\documents\visual studio 2015\projects\sparky4j\sparky4j-core\x64\release\vc140.pdb
c:\users\home\documents\visual studio 2015\projects\sparky4j\x64\release\sparky4j-core.pdb
c:\users\home\documents\visual studio 2015\projects\sparky4j\x64\release\sparky4j-core.dll
