c:\users\home\documents\visual studio 2015\projects\sparky4j\sparky4j-core optimized\x64\release\vc140.pdb
c:\users\home\documents\visual studio 2015\projects\sparky4j\sparky4j-core optimized\x64\release\vec4.obj
c:\users\home\documents\visual studio 2015\projects\sparky4j\sparky4j-core optimized\x64\release\vec3.obj
c:\users\home\documents\visual studio 2015\projects\sparky4j\sparky4j-core optimized\x64\release\vec2.obj
c:\users\home\documents\visual studio 2015\projects\sparky4j\sparky4j-core optimized\x64\release\mat4.obj
c:\users\home\documents\visual studio 2015\projects\sparky4j\sparky4j-core optimized\x64\release\window.obj
c:\users\home\documents\visual studio 2015\projects\sparky4j\sparky4j-core optimized\x64\release\texture.obj
c:\users\home\documents\visual studio 2015\projects\sparky4j\sparky4j-core optimized\x64\release\static_sprite.obj
c:\users\home\documents\visual studio 2015\projects\sparky4j\sparky4j-core optimized\x64\release\sprite.obj
c:\users\home\documents\visual studio 2015\projects\sparky4j\sparky4j-core optimized\x64\release\simple2drenderer.obj
c:\users\home\documents\visual studio 2015\projects\sparky4j\sparky4j-core optimized\x64\release\shader.obj
c:\users\home\documents\visual studio 2015\projects\sparky4j\sparky4j-core optimized\x64\release\vertexarray.obj
c:\users\home\documents\visual studio 2015\projects\sparky4j\sparky4j-core optimized\x64\release\indexbuffer.obj
c:\users\home\documents\visual studio 2015\projects\sparky4j\sparky4j-core optimized\x64\release\buffer.obj
c:\users\home\documents\visual studio 2015\projects\sparky4j\sparky4j-core optimized\x64\release\batchrenderer2d.obj
c:\users\home\documents\visual studio 2015\projects\sparky4j\x64\release\sparky4j-core optimized.dll
c:\users\home\documents\visual studio 2015\projects\sparky4j\x64\release\sparky4j-core optimized.ipdb
c:\users\home\documents\visual studio 2015\projects\sparky4j\x64\release\sparky4j-core optimized.iobj
c:\users\home\documents\visual studio 2015\projects\sparky4j\x64\release\sparky4j-core optimized.pdb
c:\users\home\documents\visual studio 2015\projects\sparky4j\sparky4j-core optimized\x64\release\sparky4j.c84ebaad.tlog\cl.command.1.tlog
c:\users\home\documents\visual studio 2015\projects\sparky4j\sparky4j-core optimized\x64\release\sparky4j.c84ebaad.tlog\cl.read.1.tlog
c:\users\home\documents\visual studio 2015\projects\sparky4j\sparky4j-core optimized\x64\release\sparky4j.c84ebaad.tlog\cl.write.1.tlog
c:\users\home\documents\visual studio 2015\projects\sparky4j\sparky4j-core optimized\x64\release\sparky4j.c84ebaad.tlog\link.command.1.tlog
c:\users\home\documents\visual studio 2015\projects\sparky4j\sparky4j-core optimized\x64\release\sparky4j.c84ebaad.tlog\link.read.1.tlog
c:\users\home\documents\visual studio 2015\projects\sparky4j\sparky4j-core optimized\x64\release\sparky4j.c84ebaad.tlog\link.write.1.tlog
