#
# A fatal error has been detected by the Java Runtime Environment:
#
#  EXCEPTION_ACCESS_VIOLATION (0xc0000005) at pc=0x00007ffb4ded3026, pid=12312, tid=10084
#
# JRE version: Java(TM) SE Runtime Environment (8.0_73-b02) (build 1.8.0_73-b02)
# Java VM: Java HotSpot(TM) 64-Bit Server VM (25.73-b02 mixed mode windows-amd64 compressed oops)
# Problematic frame:
# C  [Sparky4j-core.dll+0x3026]  texture_font_get_glyph+0x66
#
# Failed to write core dump. Minidumps are not enabled by default on client versions of Windows
#
# If you would like to submit a bug report, please visit:
#   http://bugreport.java.com/bugreport/crash.jsp
# The crash happened outside the Java Virtual Machine in native code.
# See problematic frame for where to report the bug.
#

---------------  T H R E A D  ---------------

Current thread (0x0000000002310800):  JavaThread "main" [_thread_in_native, id=10084, stack(0x00000000021c0000,0x00000000022c0000)]

siginfo: ExceptionCode=0xc0000005, reading address 0x0000000000000018

Registers:
RAX=0x0000000000000001, RBX=0x000000001d295570, RCX=0xd0d4bf9dbe8f0000, RDX=0x0000000000000001
RSP=0x00000000022bf300, RBP=0x0000000000000032, RSI=0x0000000000000000, RDI=0x0000000000000000
R8 =0x0000000000416ab4, R9 =0x000000000000001b, R10=0x0000000000000016, R11=0x00000000022bec50
R12=0x0000000000000000, R13=0x00000000022bf750, R14=0x000000002378ccf0, R15=0x00000000ffff00ff
RIP=0x00007ffb4ded3026, EFLAGS=0x0000000000010202

Top of Stack: (sp=0x00000000022bf300)
0x00000000022bf300:   000000001d295570 0000000000000032
0x00000000022bf310:   000000001d295570 00007ffb82f65bd4
0x00000000022bf320:   0000000000950000 0000000000000000
0x00000000022bf330:   0000000000000009 0000000000000000
0x00000000022bf340:   0000000000180cf0 0000000000000000
0x00000000022bf350:   0000000000000000 000019e056fc0b3b
0x00000000022bf360:   00000000022bf750 00000000022bf4d0
0x00000000022bf370:   00000000022bf4f0 0000000000000000
0x00000000022bf380:   0000000000000000 00007ffb4df35e4c
0x00000000022bf390:   0000000000000009 0000000000000009
0x00000000022bf3a0:   0000000000000000 000000001d295570
0x00000000022bf3b0:   0000000000000002 0000000000000009
0x00000000022bf3c0:   0000000000000000 00007ffb82f60000
0x00000000022bf3d0:   000000001d295570 000000006df2c0ba
0x00000000022bf3e0:   cafebabecafebabe 0000000000000000
0x00000000022bf3f0:   0000000000000000 0000000000000000 

Instructions: (pc=0x00007ffb4ded3026)
0x00007ffb4ded3006:   ff 15 dc 74 08 00 41 b8 99 02 00 00 48 8d 15 1f
0x00007ffb4ded3016:   cb 09 00 48 8d 0d 90 c0 09 00 ff 15 c2 74 08 00
0x00007ffb4ded3026:   4c 39 67 18 75 1a 41 b8 9a 02 00 00 48 8d 15 ff
0x00007ffb4ded3036:   ca 09 00 48 8d 0d 30 cd 09 00 ff 15 a2 74 08 00 


Register to memory mapping:

RAX=0x0000000000000001 is an unknown value
RBX=0x000000001d295570 is an unknown value
RCX=0xd0d4bf9dbe8f0000 is an unknown value
RDX=0x0000000000000001 is an unknown value
RSP=0x00000000022bf300 is pointing into the stack for thread: 0x0000000002310800
RBP=0x0000000000000032 is an unknown value
RSI=0x0000000000000000 is an unknown value
RDI=0x0000000000000000 is an unknown value
R8 =0x0000000000416ab4 is an unknown value
R9 =0x000000000000001b is an unknown value
R10=0x0000000000000016 is an unknown value
R11=0x00000000022bec50 is pointing into the stack for thread: 0x0000000002310800
R12=0x0000000000000000 is an unknown value
R13=0x00000000022bf750 is pointing into the stack for thread: 0x0000000002310800
R14=0x000000002378ccf0 is an unknown value
R15=0x00000000ffff00ff is an unknown value


Stack: [0x00000000021c0000,0x00000000022c0000],  sp=0x00000000022bf300,  free space=1020k
Native frames: (J=compiled Java code, j=interpreted, Vv=VM code, C=native code)
C  [Sparky4j-core.dll+0x3026]  texture_font_get_glyph+0x66
C  [Sparky4j-core.dll+0x65e4c]  sparky::graphics::BatchRenderer2D::drawString+0x22c
C  [Sparky4j-core.dll+0x638f8]  Java_sp_sparky4j_core_graphics_BatchRenderer2D_native_1draw_1string+0xe8
C  0x000000000253d58e

Java frames: (J=compiled Java code, j=interpreted, Vv=VM code)
J 101  sp.sparky4j.core.graphics.BatchRenderer2D.native_draw_string(JLjava/lang/String;FFFFFFF)V (0 bytes) @ 0x000000000253d508 [0x000000000253d480+0x88]
J 100 C1 sp.sparky4j.core.graphics.BatchRenderer2D.drawString(Ljava/lang/String;Lsp/sparky4j/core/maths/Vector3;Lsp/sparky4j/core/maths/Vector4;)V (37 bytes) @ 0x000000000253dd64 [0x000000000253dcc0+0xa4]
J 99 C1 sp.sparky4j.core.graphics.Label.submit(Lsp/sparky4j/core/graphics/Renderer2D;)V (17 bytes) @ 0x000000000253d964 [0x000000000253d840+0x124]
J 93 C1 sp.sparky4j.core.graphics.layers.Group.submit(Lsp/sparky4j/core/graphics/Renderer2D;)V (50 bytes) @ 0x000000000253be54 [0x000000000253b960+0x4f4]
J 77 C2 sp.sparky4j.core.graphics.layers.Layer.render()V (69 bytes) @ 0x0000000002535e8c [0x0000000002535c60+0x22c]
j  itay.sandbox.Main.main([Ljava/lang/String;)V+478
v  ~StubRoutines::call_stub

---------------  P R O C E S S  ---------------

Java Threads: ( => current thread )
  0x000000001d232800 JavaThread "Service Thread" daemon [_thread_blocked, id=13508, stack(0x000000001db60000,0x000000001dc60000)]
  0x000000001d1a3800 JavaThread "C1 CompilerThread3" daemon [_thread_blocked, id=13580, stack(0x000000001da60000,0x000000001db60000)]
  0x000000001d196800 JavaThread "C2 CompilerThread2" daemon [_thread_blocked, id=16832, stack(0x000000001d960000,0x000000001da60000)]
  0x000000001d191000 JavaThread "C2 CompilerThread1" daemon [_thread_blocked, id=16888, stack(0x000000001d860000,0x000000001d960000)]
  0x000000001d186800 JavaThread "C2 CompilerThread0" daemon [_thread_blocked, id=11308, stack(0x000000001d760000,0x000000001d860000)]
  0x000000001d185000 JavaThread "Attach Listener" daemon [_thread_blocked, id=12012, stack(0x000000001d660000,0x000000001d760000)]
  0x000000001b08e800 JavaThread "Signal Dispatcher" daemon [_thread_blocked, id=10916, stack(0x000000001d560000,0x000000001d660000)]
  0x0000000002409800 JavaThread "Finalizer" daemon [_thread_blocked, id=14956, stack(0x000000001cf80000,0x000000001d080000)]
  0x0000000002403000 JavaThread "Reference Handler" daemon [_thread_blocked, id=13588, stack(0x000000001ce80000,0x000000001cf80000)]
=>0x0000000002310800 JavaThread "main" [_thread_in_native, id=10084, stack(0x00000000021c0000,0x00000000022c0000)]

Other Threads:
  0x000000001b079800 VMThread [stack: 0x000000001cd80000,0x000000001ce80000] [id=8500]
  0x000000001d235000 WatcherThread [stack: 0x000000001dc60000,0x000000001dd60000] [id=4820]

VM state:not at safepoint (normal execution)

VM Mutex/Monitor currently owned by a thread: None

Heap:
 PSYoungGen      total 69120K, used 4751K [0x0000000773100000, 0x0000000777e00000, 0x00000007c0000000)
  eden space 59392K, 8% used [0x0000000773100000,0x00000007735a3e50,0x0000000776b00000)
  from space 9728K, 0% used [0x0000000777480000,0x0000000777480000,0x0000000777e00000)
  to   space 9728K, 0% used [0x0000000776b00000,0x0000000776b00000,0x0000000777480000)
 ParOldGen       total 158720K, used 0K [0x00000006d9200000, 0x00000006e2d00000, 0x0000000773100000)
  object space 158720K, 0% used [0x00000006d9200000,0x00000006d9200000,0x00000006e2d00000)
 Metaspace       used 3416K, capacity 4610K, committed 4864K, reserved 1056768K
  class space    used 395K, capacity 426K, committed 512K, reserved 1048576K

Card table byte_map: [0x00000000117d0000,0x0000000011f10000] byte_map_base: 0x000000000e107000

Marking Bits: (ParMarkBitMap*) 0x000000006e520600
 Begin Bits: [0x0000000012be0000, 0x0000000016598000)
 End Bits:   [0x0000000016598000, 0x0000000019f50000)

Polling page: 0x00000000009a0000

CodeCache: size=245760Kb used=1294Kb max_used=1294Kb free=244465Kb
 bounds [0x0000000002410000, 0x0000000002680000, 0x0000000011410000]
 total_blobs=404 nmethods=140 adapters=177
 compilation: enabled

Compilation events (10 events):
Event: 2.202 Thread 0x000000001d1a3800  136       3       java.util.HashMap::newNode (13 bytes)
Event: 2.202 Thread 0x000000001d1a3800 nmethod 136 0x0000000002551f50 code [0x00000000025520c0, 0x0000000002552370]
Event: 2.202 Thread 0x000000001d1a3800  137       3       java.util.HashMap::afterNodeInsertion (1 bytes)
Event: 2.202 Thread 0x000000001d1a3800 nmethod 137 0x0000000002552490 code [0x00000000025525e0, 0x0000000002552730]
Event: 2.203 Thread 0x000000001d1a3800  138       3       java.util.concurrent.ConcurrentHashMap::casTabAt (20 bytes)
Event: 2.204 Thread 0x000000001d1a3800 nmethod 138 0x0000000002553410 code [0x0000000002553560, 0x00000000025536f0]
Event: 2.204 Thread 0x000000001d1a3800  139       3       java.util.concurrent.ConcurrentHashMap$Node::<init> (26 bytes)
Event: 2.204 Thread 0x000000001d1a3800 nmethod 139 0x0000000002553790 code [0x00000000025538e0, 0x0000000002553af0]
Event: 2.204 Thread 0x000000001d1a3800  140       1       java.nio.Buffer::position (5 bytes)
Event: 2.204 Thread 0x000000001d1a3800 nmethod 140 0x0000000002553bd0 code [0x0000000002553d20, 0x0000000002553e30]

GC Heap History (0 events):
No events

Deoptimization events (0 events):
No events

Internal exceptions (6 events):
Event: 0.032 Thread 0x0000000002310800 Exception <a 'java/lang/NoSuchMethodError': Method sun.misc.Unsafe.defineClass(Ljava/lang/String;[BII)Ljava/lang/Class; name or signature does not match> (0x000000077310d118) thrown at [D:\re\puppet\workspace\8-2-build-windows-amd64-cygwin\jdk8u73\6086\hot‚áÐZ ?
Event: 0.032 Thread 0x0000000002310800 Exception <a 'java/lang/NoSuchMethodError': Method sun.misc.Unsafe.prefetchRead(Ljava/lang/Object;J)V name or signature does not match> (0x000000077310d400) thrown at [D:\re\puppet\workspace\8-2-build-windows-amd64-cygwin\jdk8u73\6086\hotspot\src\share\vm\¯‹æ•Þ‰@
Event: 2.192 Thread 0x0000000002310800 Exception <a 'java/security/PrivilegedActionException'> (0x0000000773202de8) thrown at [D:\re\puppet\workspace\8-2-build-windows-amd64-cygwin\jdk8u73\6086\hotspot\src\share\vm\prims\jvm.cpp, line 1386]
Event: 2.192 Thread 0x0000000002310800 Exception <a 'java/security/PrivilegedActionException'> (0x00000007732031e0) thrown at [D:\re\puppet\workspace\8-2-build-windows-amd64-cygwin\jdk8u73\6086\hotspot\src\share\vm\prims\jvm.cpp, line 1386]
Event: 2.194 Thread 0x0000000002310800 Exception <a 'java/security/PrivilegedActionException'> (0x0000000773206f70) thrown at [D:\re\puppet\workspace\8-2-build-windows-amd64-cygwin\jdk8u73\6086\hotspot\src\share\vm\prims\jvm.cpp, line 1386]
Event: 2.194 Thread 0x0000000002310800 Exception <a 'java/security/PrivilegedActionException'> (0x0000000773207368) thrown at [D:\re\puppet\workspace\8-2-build-windows-amd64-cygwin\jdk8u73\6086\hotspot\src\share\vm\prims\jvm.cpp, line 1386]

Events (10 events):
Event: 2.203 loading class java/util/Formatter$FixedString
Event: 2.203 loading class java/util/Formatter$FixedString done
Event: 2.203 loading class sun/text/resources/en/FormatData_en
Event: 2.204 loading class sun/text/resources/en/FormatData_en done
Event: 2.204 loading class sun/text/resources/en/FormatData_en_US
Event: 2.204 loading class sun/text/resources/en/FormatData_en_US done
Event: 2.204 loading class sun/util/resources/en/CurrencyNames_en_US
Event: 2.204 loading class sun/util/resources/en/CurrencyNames_en_US done
Event: 4.078 Executing VM operation: EnableBiasedLocking
Event: 4.078 Executing VM operation: EnableBiasedLocking done


Dynamic libraries:
0x00007ff66b480000 - 0x00007ff66b4b7000 	C:\Program Files\Java\jre1.8.0_73\bin\javaw.exe
0x00007ffb82f40000 - 0x00007ffb83101000 	C:\WINDOWS\SYSTEM32\ntdll.dll
0x00007ffb81240000 - 0x00007ffb812ed000 	C:\WINDOWS\system32\KERNEL32.DLL
0x00007ffb7ff10000 - 0x00007ffb800f8000 	C:\WINDOWS\system32\KERNELBASE.dll
0x00007ffb80ea0000 - 0x00007ffb80f47000 	C:\WINDOWS\system32\ADVAPI32.dll
0x00007ffb82e30000 - 0x00007ffb82ecd000 	C:\WINDOWS\system32\msvcrt.dll
0x00007ffb82ed0000 - 0x00007ffb82f2b000 	C:\WINDOWS\system32\sechost.dll
0x00007ffb82d10000 - 0x00007ffb82e2c000 	C:\WINDOWS\system32\RPCRT4.dll
0x00007ffb814f0000 - 0x00007ffb81646000 	C:\WINDOWS\system32\USER32.dll
0x00007ffb810b0000 - 0x00007ffb81236000 	C:\WINDOWS\system32\GDI32.dll
0x00007ffb74f70000 - 0x00007ffb751e4000 	C:\WINDOWS\WinSxS\amd64_microsoft.windows.common-controls_6595b64144ccf1df_6.0.10586.0_none_8c15ae12515e1c22\COMCTL32.dll
0x00007ffb80b00000 - 0x00007ffb80d7d000 	C:\WINDOWS\system32\combase.dll
0x00007ffb80100000 - 0x00007ffb8016a000 	C:\WINDOWS\system32\bcryptPrimitives.dll
0x00007ffb814b0000 - 0x00007ffb814eb000 	C:\WINDOWS\system32\IMM32.DLL
0x000000006dbc0000 - 0x000000006dc92000 	C:\Program Files\Java\jre1.8.0_73\bin\msvcr100.dll
0x000000006dd10000 - 0x000000006e5a0000 	C:\Program Files\Java\jre1.8.0_73\bin\server\jvm.dll
0x00007ffb82f30000 - 0x00007ffb82f38000 	C:\WINDOWS\system32\PSAPI.DLL
0x00007ffb74480000 - 0x00007ffb74489000 	C:\WINDOWS\SYSTEM32\WSOCK32.dll
0x00007ffb7d6d0000 - 0x00007ffb7d6da000 	C:\WINDOWS\SYSTEM32\VERSION.dll
0x00007ffb7d780000 - 0x00007ffb7d7a3000 	C:\WINDOWS\SYSTEM32\WINMM.dll
0x00007ffb81440000 - 0x00007ffb814ab000 	C:\WINDOWS\system32\WS2_32.dll
0x0000000002190000 - 0x00000000021bc000 	C:\WINDOWS\SYSTEM32\WINMMBASE.dll
0x00007ffb7f5f0000 - 0x00007ffb7f633000 	C:\WINDOWS\system32\cfgmgr32.dll
0x000000006e9b0000 - 0x000000006e9bf000 	C:\Program Files\Java\jre1.8.0_73\bin\verify.dll
0x000000006e980000 - 0x000000006e9a9000 	C:\Program Files\Java\jre1.8.0_73\bin\java.dll
0x000000006e930000 - 0x000000006e946000 	C:\Program Files\Java\jre1.8.0_73\bin\zip.dll
0x00007ffb817b0000 - 0x00007ffb82d0c000 	C:\WINDOWS\system32\SHELL32.dll
0x00007ffb7f8a0000 - 0x00007ffb7fee5000 	C:\WINDOWS\system32\windows.storage.dll
0x00007ffb80a90000 - 0x00007ffb80ae2000 	C:\WINDOWS\system32\shlwapi.dll
0x00007ffb7f580000 - 0x00007ffb7f58f000 	C:\WINDOWS\system32\kernel.appcore.dll
0x00007ffb801d0000 - 0x00007ffb80285000 	C:\WINDOWS\system32\shcore.dll
0x00007ffb7f590000 - 0x00007ffb7f5db000 	C:\WINDOWS\system32\powrprof.dll
0x00007ffb7f560000 - 0x00007ffb7f574000 	C:\WINDOWS\system32\profapi.dll
0x0000000180000000 - 0x0000000180623000 	C:\Users\home\Desktop\coding\Sparky4j\Sandbox\lib\native\win64\FreeImage.dll
0x00007ffb65c20000 - 0x00007ffb65c42000 	C:\WINDOWS\SYSTEM32\VCOMP120.DLL
0x00007ffb65c00000 - 0x00007ffb65c13000 	C:\Users\home\Desktop\coding\Sparky4j\Sandbox\lib\native\win64\glfw3.dll
0x00007ffb65d20000 - 0x00007ffb65d37000 	C:\WINDOWS\SYSTEM32\VCRUNTIME140.dll
0x00007ffb7e6f0000 - 0x00007ffb7e7e4000 	C:\WINDOWS\SYSTEM32\ucrtbase.dll
0x00007ffb7f000000 - 0x00007ffb7f00b000 	C:\WINDOWS\SYSTEM32\CRYPTBASE.DLL
0x00007ffb4ded0000 - 0x00007ffb4dfa7000 	C:\Users\home\Desktop\coding\Sparky4j\Sandbox\lib\native\win64\Sparky4j-core.dll
0x00007ffb5c3a0000 - 0x00007ffb5c4c9000 	C:\WINDOWS\SYSTEM32\OPENGL32.dll
0x00007ffb5f640000 - 0x00007ffb5f6df000 	C:\WINDOWS\SYSTEM32\MSVCP140.dll
0x00007ffb70ae0000 - 0x00007ffb70b0e000 	C:\WINDOWS\SYSTEM32\GLU32.dll
0x00007ffb70ba0000 - 0x00007ffb70c9a000 	C:\WINDOWS\SYSTEM32\DDRAW.dll
0x00007ffb7c3b0000 - 0x00007ffb7c3b8000 	C:\WINDOWS\SYSTEM32\DCIMAN32.dll
0x00007ffb7de70000 - 0x00007ffb7df06000 	C:\WINDOWS\system32\uxtheme.dll
0x00007ffb7d360000 - 0x00007ffb7d382000 	C:\WINDOWS\SYSTEM32\dwmapi.dll
0x00007ffb80f50000 - 0x00007ffb810aa000 	C:\WINDOWS\system32\MSCTF.dll
0x000000006bd60000 - 0x000000006dbb2000 	C:\WINDOWS\SYSTEM32\nvoglv64.DLL
0x00007ffb80340000 - 0x00007ffb80769000 	C:\WINDOWS\system32\SETUPAPI.dll
0x00007ffb7b2b0000 - 0x00007ffb7b43c000 	C:\WINDOWS\SYSTEM32\dbghelp.dll
0x00007ffb7cfe0000 - 0x00007ffb7cff3000 	C:\WINDOWS\SYSTEM32\WTSAPI32.dll
0x00007ffb7dfa0000 - 0x00007ffb7dfc7000 	C:\WINDOWS\SYSTEM32\DEVOBJ.dll
0x00007ffb80170000 - 0x00007ffb801c5000 	C:\WINDOWS\system32\WINTRUST.dll
0x00007ffb7f5e0000 - 0x00007ffb7f5f0000 	C:\WINDOWS\system32\MSASN1.dll
0x00007ffb7f6d0000 - 0x00007ffb7f897000 	C:\WINDOWS\system32\CRYPT32.dll
0x00007ffb7ea50000 - 0x00007ffb7ea81000 	C:\WINDOWS\SYSTEM32\ntmarta.dll
0x00007ffb7f390000 - 0x00007ffb7f3e6000 	C:\WINDOWS\SYSTEM32\WINSTA.dll
0x00007ffb7c720000 - 0x00007ffb7c7c3000 	C:\WINDOWS\system32\dxgi.dll
0x00007ffb7c7d0000 - 0x00007ffb7ca78000 	C:\WINDOWS\system32\d3d11.dll
0x00007ffb7bff0000 - 0x00007ffb7c18f000 	C:\WINDOWS\SYSTEM32\dlumd11.dll
0x00007ffb7ecc0000 - 0x00007ffb7ecdf000 	C:\WINDOWS\SYSTEM32\USERENV.dll
0x00007ffb7b280000 - 0x00007ffb7b2a5000 	C:\WINDOWS\SYSTEM32\dbgcore.DLL
0x00007ffb506d0000 - 0x00007ffb519e9000 	C:\WINDOWS\SYSTEM32\nvwgf2umx.dll
0x00007ffb7f490000 - 0x00007ffb7f4b9000 	C:\WINDOWS\SYSTEM32\bcrypt.dll
0x00007ffb5c1e0000 - 0x00007ffb5c397000 	C:\WINDOWS\system32\nvspcap64.dll
0x00007ffb81650000 - 0x00007ffb81793000 	C:\WINDOWS\system32\ole32.dll
0x00007ffb81310000 - 0x00007ffb813d1000 	C:\WINDOWS\system32\OLEAUT32.dll
0x00007ffb7acf0000 - 0x00007ffb7adb8000 	C:\WINDOWS\SYSTEM32\WINHTTP.dll
0x00007ffb73b70000 - 0x00007ffb73f25000 	C:\WINDOWS\system32\nvapi64.dll
0x00007ffb7f1e0000 - 0x00007ffb7f20d000 	C:\WINDOWS\SYSTEM32\SspiCli.dll

VM Arguments:
jvm_args: -Djava.library.path=C:\Users\home\Desktop\coding\Sparky4j\Sandbox\lib\native\win64 -Dfile.encoding=Cp1252 
java_command: itay.sandbox.Main
java_class_path (initial): C:\Users\home\Desktop\coding\Sparky4j\Sandbox\bin;C:\Users\home\Desktop\coding\Sparky4j\Sandbox\lib\jar\Sparky4j-core.jar
Launcher Type: SUN_STANDARD

Environment Variables:
PATH=C:/Program Files/Java/jre1.8.0_73/bin/server;C:/Program Files/Java/jre1.8.0_73/bin;C:/Program Files/Java/jre1.8.0_73/lib/amd64;C:\Perl64\site\bin;C:\Perl64\bin;C:\ProgramData\Oracle\Java\javapath;C:\Program Files (x86)\Lenovo\FusionEngine;C:\Program Files (x86)\Intel\iCLS Client\;C:\Program Files\Intel\iCLS Client\;C:\WINDOWS\system32;C:\WINDOWS;C:\WINDOWS\System32\Wbem;C:\WINDOWS\System32\WindowsPowerShell\v1.0\;C:\Program Files\Intel\Intel(R) Management Engine Components\DAL;C:\Program Files\Intel\Intel(R) Management Engine Components\IPT;C:\Program Files (x86)\Intel\Intel(R) Management Engine Components\DAL;C:\Program Files (x86)\Intel\Intel(R) Management Engine Components\IPT;C:\Program Files\Intel\WiFi\bin\;C:\Program Files\Common Files\Intel\WirelessCommon\;C:\Program Files (x86)\Lenovo\Motion Control\;C:\Users\home\.dnx\bin;C:\Program Files\Microsoft DNX\Dnvm\;C:\Android;C:\Windows\System32;C:\Program Files (x86)\Windows Kits\10\Windows Performance Toolkit\;C:\Program Files\Java\jdk1.8.0_73\bin;C:\adb;C:\Program Files (x86)\NVIDIA Corporation\PhysX\Common;C:\Program Files (x86)\FreeArc\bin;C:\Users\home\eclipse\java-mars\eclipse;
USERNAME=home
OS=Windows_NT
PROCESSOR_IDENTIFIER=Intel64 Family 6 Model 60 Stepping 3, GenuineIntel



---------------  S Y S T E M  ---------------

OS: Windows 10.0 , 64 bit Build 10586 (10.0.10586.0)

CPU:total 8 (4 cores per cpu, 2 threads per core) family 6 model 60 stepping 3, cmov, cx8, fxsr, mmx, sse, sse2, sse3, ssse3, sse4.1, sse4.2, popcnt, avx, avx2, aes, clmul, erms, lzcnt, ht, tsc, tscinvbit, bmi1, bmi2

Memory: 4k page, physical 15124760k(9453344k free), swap 17484056k(9879632k free)

vm_info: Java HotSpot(TM) 64-Bit Server VM (25.73-b02) for windows-amd64 JRE (1.8.0_73-b02), built on Jan 29 2016 17:38:49 by "java_re" with MS VC++ 10.0 (VS2010)

time: Sun May 01 19:50:19 2016
elapsed time: 5 seconds (0d 0h 0m 5s)

