c:\users\home\downloads\sparky-27c773a2fd0433cd5b5caa334988c29662c3e1f7\sparky-27c773a2fd0433cd5b5caa334988c29662c3e1f7\dependencies\libvorbis\bin\intermediates\libvorbis.pdb
c:\users\home\downloads\sparky-27c773a2fd0433cd5b5caa334988c29662c3e1f7\sparky-27c773a2fd0433cd5b5caa334988c29662c3e1f7\dependencies\libvorbis\bin\intermediates\tone.obj
c:\users\home\downloads\sparky-27c773a2fd0433cd5b5caa334988c29662c3e1f7\sparky-27c773a2fd0433cd5b5caa334988c29662c3e1f7\dependencies\libvorbis\bin\intermediates\synthesis.obj
c:\users\home\downloads\sparky-27c773a2fd0433cd5b5caa334988c29662c3e1f7\sparky-27c773a2fd0433cd5b5caa334988c29662c3e1f7\dependencies\libvorbis\bin\intermediates\smallft.obj
c:\users\home\downloads\sparky-27c773a2fd0433cd5b5caa334988c29662c3e1f7\sparky-27c773a2fd0433cd5b5caa334988c29662c3e1f7\dependencies\libvorbis\bin\intermediates\sharedbook.obj
c:\users\home\downloads\sparky-27c773a2fd0433cd5b5caa334988c29662c3e1f7\sparky-27c773a2fd0433cd5b5caa334988c29662c3e1f7\dependencies\libvorbis\bin\intermediates\res0.obj
c:\users\home\downloads\sparky-27c773a2fd0433cd5b5caa334988c29662c3e1f7\sparky-27c773a2fd0433cd5b5caa334988c29662c3e1f7\dependencies\libvorbis\bin\intermediates\registry.obj
c:\users\home\downloads\sparky-27c773a2fd0433cd5b5caa334988c29662c3e1f7\sparky-27c773a2fd0433cd5b5caa334988c29662c3e1f7\dependencies\libvorbis\bin\intermediates\psy.obj
c:\users\home\downloads\sparky-27c773a2fd0433cd5b5caa334988c29662c3e1f7\sparky-27c773a2fd0433cd5b5caa334988c29662c3e1f7\dependencies\libvorbis\bin\intermediates\mdct.obj
c:\users\home\downloads\sparky-27c773a2fd0433cd5b5caa334988c29662c3e1f7\sparky-27c773a2fd0433cd5b5caa334988c29662c3e1f7\dependencies\libvorbis\bin\intermediates\mapping0.obj
c:\users\home\downloads\sparky-27c773a2fd0433cd5b5caa334988c29662c3e1f7\sparky-27c773a2fd0433cd5b5caa334988c29662c3e1f7\dependencies\libvorbis\bin\intermediates\lsp.obj
c:\users\home\downloads\sparky-27c773a2fd0433cd5b5caa334988c29662c3e1f7\sparky-27c773a2fd0433cd5b5caa334988c29662c3e1f7\dependencies\libvorbis\bin\intermediates\lpc.obj
c:\users\home\downloads\sparky-27c773a2fd0433cd5b5caa334988c29662c3e1f7\sparky-27c773a2fd0433cd5b5caa334988c29662c3e1f7\dependencies\libvorbis\bin\intermediates\lookup.obj
c:\users\home\downloads\sparky-27c773a2fd0433cd5b5caa334988c29662c3e1f7\sparky-27c773a2fd0433cd5b5caa334988c29662c3e1f7\dependencies\libvorbis\bin\intermediates\info.obj
c:\users\home\downloads\sparky-27c773a2fd0433cd5b5caa334988c29662c3e1f7\sparky-27c773a2fd0433cd5b5caa334988c29662c3e1f7\dependencies\libvorbis\bin\intermediates\floor1.obj
c:\users\home\downloads\sparky-27c773a2fd0433cd5b5caa334988c29662c3e1f7\sparky-27c773a2fd0433cd5b5caa334988c29662c3e1f7\dependencies\libvorbis\bin\intermediates\floor0.obj
c:\users\home\downloads\sparky-27c773a2fd0433cd5b5caa334988c29662c3e1f7\sparky-27c773a2fd0433cd5b5caa334988c29662c3e1f7\dependencies\libvorbis\bin\intermediates\envelope.obj
c:\users\home\downloads\sparky-27c773a2fd0433cd5b5caa334988c29662c3e1f7\sparky-27c773a2fd0433cd5b5caa334988c29662c3e1f7\dependencies\libvorbis\bin\intermediates\codebook.obj
c:\users\home\downloads\sparky-27c773a2fd0433cd5b5caa334988c29662c3e1f7\sparky-27c773a2fd0433cd5b5caa334988c29662c3e1f7\dependencies\libvorbis\bin\intermediates\block.obj
c:\users\home\downloads\sparky-27c773a2fd0433cd5b5caa334988c29662c3e1f7\sparky-27c773a2fd0433cd5b5caa334988c29662c3e1f7\dependencies\libvorbis\bin\intermediates\bitrate.obj
c:\users\home\downloads\sparky-27c773a2fd0433cd5b5caa334988c29662c3e1f7\sparky-27c773a2fd0433cd5b5caa334988c29662c3e1f7\dependencies\libvorbis\bin\intermediates\analysis.obj
c:\users\home\downloads\sparky-27c773a2fd0433cd5b5caa334988c29662c3e1f7\sparky-27c773a2fd0433cd5b5caa334988c29662c3e1f7\dependencies\libvorbis\bin\intermediates\window.obj
c:\users\home\downloads\sparky-27c773a2fd0433cd5b5caa334988c29662c3e1f7\sparky-27c773a2fd0433cd5b5caa334988c29662c3e1f7\dependencies\libvorbis\bin\intermediates\vorbisfile.obj
c:\users\home\downloads\sparky-27c773a2fd0433cd5b5caa334988c29662c3e1f7\sparky-27c773a2fd0433cd5b5caa334988c29662c3e1f7\dependencies\libvorbis\bin\intermediates\vorbisenc.obj
c:\users\home\downloads\sparky-27c773a2fd0433cd5b5caa334988c29662c3e1f7\sparky-27c773a2fd0433cd5b5caa334988c29662c3e1f7\dependencies\libvorbis\bin\libvorbis.lib
c:\users\home\desktop\coding\sparky4j\sparky\dependencies\libvorbis\bin\intermediates\analysis.obj
c:\users\home\desktop\coding\sparky4j\sparky\dependencies\libvorbis\bin\intermediates\bitrate.obj
c:\users\home\desktop\coding\sparky4j\sparky\dependencies\libvorbis\bin\intermediates\block.obj
c:\users\home\desktop\coding\sparky4j\sparky\dependencies\libvorbis\bin\intermediates\codebook.obj
c:\users\home\desktop\coding\sparky4j\sparky\dependencies\libvorbis\bin\intermediates\envelope.obj
c:\users\home\desktop\coding\sparky4j\sparky\dependencies\libvorbis\bin\intermediates\floor0.obj
c:\users\home\desktop\coding\sparky4j\sparky\dependencies\libvorbis\bin\intermediates\floor1.obj
c:\users\home\desktop\coding\sparky4j\sparky\dependencies\libvorbis\bin\intermediates\info.obj
c:\users\home\desktop\coding\sparky4j\sparky\dependencies\libvorbis\bin\intermediates\lookup.obj
c:\users\home\desktop\coding\sparky4j\sparky\dependencies\libvorbis\bin\intermediates\lpc.obj
c:\users\home\desktop\coding\sparky4j\sparky\dependencies\libvorbis\bin\intermediates\lsp.obj
c:\users\home\desktop\coding\sparky4j\sparky\dependencies\libvorbis\bin\intermediates\mapping0.obj
c:\users\home\desktop\coding\sparky4j\sparky\dependencies\libvorbis\bin\intermediates\mdct.obj
c:\users\home\desktop\coding\sparky4j\sparky\dependencies\libvorbis\bin\intermediates\psy.obj
c:\users\home\desktop\coding\sparky4j\sparky\dependencies\libvorbis\bin\intermediates\registry.obj
c:\users\home\desktop\coding\sparky4j\sparky\dependencies\libvorbis\bin\intermediates\res0.obj
c:\users\home\desktop\coding\sparky4j\sparky\dependencies\libvorbis\bin\intermediates\sharedbook.obj
c:\users\home\desktop\coding\sparky4j\sparky\dependencies\libvorbis\bin\intermediates\smallft.obj
c:\users\home\desktop\coding\sparky4j\sparky\dependencies\libvorbis\bin\intermediates\synthesis.obj
c:\users\home\desktop\coding\sparky4j\sparky\dependencies\libvorbis\bin\intermediates\tone.obj
c:\users\home\desktop\coding\sparky4j\sparky\dependencies\libvorbis\bin\intermediates\vorbisenc.obj
c:\users\home\desktop\coding\sparky4j\sparky\dependencies\libvorbis\bin\intermediates\vorbisfile.obj
c:\users\home\desktop\coding\sparky4j\sparky\dependencies\libvorbis\bin\intermediates\window.obj
c:\users\home\desktop\coding\sparky4j\sparky\dependencies\libvorbis\bin\intermediates\libvorbis.pdb
c:\users\home\desktop\coding\sparky4j\sparky\dependencies\libvorbis\bin\libvorbis.lib
c:\users\home\desktop\coding\sparky4j\sparky\dependencies\libvorbis\bin\intermediates\libvorbis.tlog\cl.command.1.tlog
c:\users\home\desktop\coding\sparky4j\sparky\dependencies\libvorbis\bin\intermediates\libvorbis.tlog\cl.read.1.tlog
c:\users\home\desktop\coding\sparky4j\sparky\dependencies\libvorbis\bin\intermediates\libvorbis.tlog\cl.write.1.tlog
c:\users\home\desktop\coding\sparky4j\sparky\dependencies\libvorbis\bin\intermediates\libvorbis.tlog\lib-link.read.1.tlog
c:\users\home\desktop\coding\sparky4j\sparky\dependencies\libvorbis\bin\intermediates\libvorbis.tlog\lib-link.write.1.tlog
c:\users\home\desktop\coding\sparky4j\sparky\dependencies\libvorbis\bin\intermediates\libvorbis.tlog\lib.command.1.tlog
