#
# A fatal error has been detected by the Java Runtime Environment:
#
#  EXCEPTION_ACCESS_VIOLATION (0xc0000005) at pc=0x00007ffdb8fb7a21, pid=12776, tid=4968
#
# JRE version: Java(TM) SE Runtime Environment (8.0_73-b02) (build 1.8.0_73-b02)
# Java VM: Java HotSpot(TM) 64-Bit Server VM (25.73-b02 mixed mode windows-amd64 compressed oops)
# Problematic frame:
# C  [Sparky4j-core.dll+0x37a21]  sparky::graphics::VertexArray::bind+0x31
#
# Failed to write core dump. Minidumps are not enabled by default on client versions of Windows
#
# If you would like to submit a bug report, please visit:
#   http://bugreport.java.com/bugreport/crash.jsp
# The crash happened outside the Java Virtual Machine in native code.
# See problematic frame for where to report the bug.
#

---------------  T H R E A D  ---------------

Current thread (0x0000000002270800):  JavaThread "main" [_thread_in_native, id=4968, stack(0x0000000002160000,0x0000000002260000)]

siginfo: ExceptionCode=0xc0000005, reading address 0x00000000fdfdfdfd

Registers:
RAX=0x00000000fdfdfdfd, RBX=0x000000001aa46980, RCX=0xcccccccccccccccc, RDX=0x00007ffdb9000710
RSP=0x000000000225f000, RBP=0x000000000225f020, RSI=0x000000000227eef8, RDI=0x000000000225f0e8
R8 =0x0000000023e81178, R9 =0x00000007737bedd0, R10=0x0000000000000000, R11=0x00000000565e22a8
R12=0x0000000000000000, R13=0x000000001aa46980, R14=0x000000000225f428, R15=0x0000000002270800
RIP=0x00007ffdb8fb7a21, EFLAGS=0x0000000000010206

Top of Stack: (sp=0x000000000225f000)
0x000000000225f000:   cccccccccccccccc cccccccccccccccc
0x000000000225f010:   cccccccccccccccc cccccccccccccccc
0x000000000225f020:   cccccccccccccccc cccccccccccccccc
0x000000000225f030:   cccccccccccccccc cccccccccccccccc
0x000000000225f040:   cccccccccccccccc cccccccccccccccc
0x000000000225f050:   cccccccccccccccc cccccccccccccccc
0x000000000225f060:   cccccccccccccccc cccccccccccccccc
0x000000000225f070:   cccccccccccccccc cccccccccccccccc
0x000000000225f080:   cccccccccccccccc cccccccccccccccc
0x000000000225f090:   cccccccccccccccc cccccccccccccccc
0x000000000225f0a0:   cccccccccccccccc cccccccccccccccc
0x000000000225f0b0:   cccccccccccccccc cccccccccccccccc
0x000000000225f0c0:   cccccccccccccccc cccccccccccccccc
0x000000000225f0d0:   cccccccccccccccc cccccccccccccccc
0x000000000225f0e0:   cccccccccccccccc 000000000225f268
0x000000000225f0f0:   000000000225f120 00007ffdb8fbcfc3 

Instructions: (pc=0x00007ffdb8fb7a21)
0x00007ffdb8fb7a01:   24 20 48 8b fc b9 3a 00 00 00 b8 cc cc cc cc f3
0x00007ffdb8fb7a11:   ab 48 8b 8c 24 08 01 00 00 48 8b 85 e0 00 00 00
0x00007ffdb8fb7a21:   8b 08 ff 15 27 3d 07 00 48 8d a5 c8 00 00 00 5f
0x00007ffdb8fb7a31:   5d c3 cc cc cc cc cc cc cc cc cc cc cc cc cc cc 


Register to memory mapping:

RAX=0x00000000fdfdfdfd is an unknown value
RBX={method} {0x000000001aa46988} 'nativeFlush' '()V' in 'sp/sparky4j/core/graphics/Simple2DRenderer'
RCX=0xcccccccccccccccc is an unknown value
RDX=0x00007ffdb9000710 is an unknown value
RSP=0x000000000225f000 is pointing into the stack for thread: 0x0000000002270800
RBP=0x000000000225f020 is pointing into the stack for thread: 0x0000000002270800
RSI=0x000000000227eef8 is an unknown value
RDI=0x000000000225f0e8 is pointing into the stack for thread: 0x0000000002270800
R8 =0x0000000023e81178 is an unknown value
R9 =0x00000007737bedd0 is an oop
sp.sparky4j.core.graphics.Simple2DRenderer 
 - klass: 'sp/sparky4j/core/graphics/Simple2DRenderer'
R10=0x0000000000000000 is an unknown value
R11=0x00000000565e22a8 is an unknown value
R12=0x0000000000000000 is an unknown value
R13={method} {0x000000001aa46988} 'nativeFlush' '()V' in 'sp/sparky4j/core/graphics/Simple2DRenderer'
R14=0x000000000225f428 is pointing into the stack for thread: 0x0000000002270800
R15=0x0000000002270800 is a thread


Stack: [0x0000000002160000,0x0000000002260000],  sp=0x000000000225f000,  free space=1020k
Native frames: (J=compiled Java code, j=interpreted, Vv=VM code, C=native code)
C  [Sparky4j-core.dll+0x37a21]  sparky::graphics::VertexArray::bind+0x31
C  [Sparky4j-core.dll+0x3cfc3]  sparky::graphics::Simple2DRenderer::flush+0x73
C  [Sparky4j-core.dll+0x32144]  Java_sp_sparky4j_core_graphics_Simple2DRenderer_nativeFlush+0x54
C  0x0000000002385e34

Java frames: (J=compiled Java code, j=interpreted, Vv=VM code)
j  sp.sparky4j.core.graphics.Simple2DRenderer.nativeFlush()V+0
j  sp.sparky4j.core.graphics.Simple2DRenderer.flush()V+1
j  itay.test.Main.main([Ljava/lang/String;)V+340
v  ~StubRoutines::call_stub

---------------  P R O C E S S  ---------------

Java Threads: ( => current thread )
  0x000000001d1bf800 JavaThread "Service Thread" daemon [_thread_blocked, id=7160, stack(0x000000001db00000,0x000000001dc00000)]
  0x000000001d138800 JavaThread "C1 CompilerThread3" daemon [_thread_blocked, id=14064, stack(0x000000001da00000,0x000000001db00000)]
  0x000000001d133000 JavaThread "C2 CompilerThread2" daemon [_thread_blocked, id=16624, stack(0x000000001d900000,0x000000001da00000)]
  0x000000001d12b000 JavaThread "C2 CompilerThread1" daemon [_thread_blocked, id=12416, stack(0x000000001d800000,0x000000001d900000)]
  0x000000001d127800 JavaThread "C2 CompilerThread0" daemon [_thread_blocked, id=18012, stack(0x000000001d700000,0x000000001d800000)]
  0x000000001d126000 JavaThread "Attach Listener" daemon [_thread_blocked, id=13052, stack(0x000000001d600000,0x000000001d700000)]
  0x000000001d125000 JavaThread "Signal Dispatcher" daemon [_thread_blocked, id=6308, stack(0x000000001d500000,0x000000001d600000)]
  0x000000000236a800 JavaThread "Finalizer" daemon [_thread_blocked, id=10512, stack(0x000000001cf20000,0x000000001d020000)]
  0x0000000002364000 JavaThread "Reference Handler" daemon [_thread_blocked, id=3832, stack(0x000000001ce20000,0x000000001cf20000)]
=>0x0000000002270800 JavaThread "main" [_thread_in_native, id=4968, stack(0x0000000002160000,0x0000000002260000)]

Other Threads:
  0x000000001b029800 VMThread [stack: 0x000000001cd20000,0x000000001ce20000] [id=7576]
  0x000000001d1da800 WatcherThread [stack: 0x000000001dc00000,0x000000001dd00000] [id=3436]

VM state:not at safepoint (normal execution)

VM Mutex/Monitor currently owned by a thread: None

Heap:
 PSYoungGen      total 69120K, used 7519K [0x0000000773100000, 0x0000000777e00000, 0x00000007c0000000)
  eden space 59392K, 12% used [0x0000000773100000,0x0000000773857e88,0x0000000776b00000)
  from space 9728K, 0% used [0x0000000777480000,0x0000000777480000,0x0000000777e00000)
  to   space 9728K, 0% used [0x0000000776b00000,0x0000000776b00000,0x0000000777480000)
 ParOldGen       total 158720K, used 0K [0x00000006d9200000, 0x00000006e2d00000, 0x0000000773100000)
  object space 158720K, 0% used [0x00000006d9200000,0x00000006d9200000,0x00000006e2d00000)
 Metaspace       used 2597K, capacity 4568K, committed 4864K, reserved 1056768K
  class space    used 289K, capacity 392K, committed 512K, reserved 1048576K

Card table byte_map: [0x0000000011730000,0x0000000011e70000] byte_map_base: 0x000000000e067000

Marking Bits: (ParMarkBitMap*) 0x00000000565f0600
 Begin Bits: [0x0000000012b40000, 0x00000000164f8000)
 End Bits:   [0x00000000164f8000, 0x0000000019eb0000)

Polling page: 0x0000000000560000

CodeCache: size=245760Kb used=1200Kb max_used=1211Kb free=244559Kb
 bounds [0x0000000002370000, 0x00000000025e0000, 0x0000000011370000]
 total_blobs=303 nmethods=63 adapters=154
 compilation: enabled

Compilation events (10 events):
Event: 0.340 Thread 0x000000001d138800   59 %     3       itay.test.Main::main @ 306 (404 bytes)
Event: 0.341 Thread 0x000000001d138800 nmethod 59% 0x0000000002491110 code [0x00000000024917c0, 0x0000000002494678]
Event: 0.342 Thread 0x000000001d138800   60       3       itay.test.Main::main (404 bytes)
Event: 0.344 Thread 0x000000001d138800 nmethod 60 0x0000000002496a10 code [0x00000000024970e0, 0x000000000249a0a8]
Event: 0.345 Thread 0x000000001d133000   61       4       java.util.ArrayList::get (11 bytes)
Event: 0.346 Thread 0x000000001d133000 nmethod 61 0x000000000248f850 code [0x000000000248f980, 0x000000000248fa38]
Event: 0.425 Thread 0x000000001d12b000   62 %     4       itay.test.Main::main @ 306 (404 bytes)
Event: 0.428 Thread 0x000000001d12b000 nmethod 62% 0x000000000248b710 code [0x000000000248b880, 0x000000000248bbe8]
Event: 0.444 Thread 0x000000001d127800   63       4       sp.sparky4j.core.graphics.Simple2DRenderer::submit (6 bytes)
Event: 0.444 Thread 0x000000001d127800 nmethod 63 0x000000000248f5d0 code [0x000000000248f720, 0x000000000248f7a8]

GC Heap History (0 events):
No events

Deoptimization events (1 events):
Event: 0.455 Thread 0x0000000002270800 Uncommon trap: reason=unstable_if action=reinterpret pc=0x000000000248ba64 method=itay.test.Main.main([Ljava/lang/String;)V @ 335

Internal exceptions (2 events):
Event: 0.023 Thread 0x0000000002270800 Exception <a 'java/lang/NoSuchMethodError': Method sun.misc.Unsafe.defineClass(Ljava/lang/String;[BII)Ljava/lang/Class; name or signature does not match> (0x000000077310d948) thrown at [D:\re\puppet\workspace\8-2-build-windows-amd64-cygwin\jdk8u73\6086\hot•{&0Ž·—?
Event: 0.023 Thread 0x0000000002270800 Exception <a 'java/lang/NoSuchMethodError': Method sun.misc.Unsafe.prefetchRead(Ljava/lang/Object;J)V name or signature does not match> (0x000000077310dc30) thrown at [D:\re\puppet\workspace\8-2-build-windows-amd64-cygwin\jdk8u73\6086\hotspot\src\share\vm\

Events (10 events):
Event: 0.331 loading class sp/sparky4j/core/graphics/Simple2DRenderer done
Event: 0.331 loading class sp/sparky4j/core/graphics/Renderer2D
Event: 0.331 loading class sp/sparky4j/core/graphics/Renderer2D done
Event: 0.332 loading class sp/sparky4j/core/util/Timer
Event: 0.332 loading class sp/sparky4j/core/util/Timer done
Event: 0.443 Thread 0x0000000002270800 DEOPT PACKING pc=0x0000000002494243 sp=0x000000000225f2d0
Event: 0.443 Thread 0x0000000002270800 DEOPT UNPACKING pc=0x00000000023b787f sp=0x000000000225f1b8 mode 0
Event: 0.455 Thread 0x0000000002270800 Uncommon trap: trap_request=0xffffff65 fr.pc=0x000000000248ba64
Event: 0.455 Thread 0x0000000002270800 DEOPT PACKING pc=0x000000000248ba64 sp=0x000000000225f4b0
Event: 0.455 Thread 0x0000000002270800 DEOPT UNPACKING pc=0x00000000023b582a sp=0x000000000225f448 mode 2


Dynamic libraries:
0x00007ff734fd0000 - 0x00007ff735007000 	C:\Program Files\Java\jre1.8.0_73\bin\javaw.exe
0x00007ffddb1d0000 - 0x00007ffddb391000 	C:\WINDOWS\SYSTEM32\ntdll.dll
0x00007ffdd8730000 - 0x00007ffdd87dd000 	C:\WINDOWS\system32\KERNEL32.DLL
0x00007ffdd81a0000 - 0x00007ffdd8388000 	C:\WINDOWS\system32\KERNELBASE.dll
0x00007ffdd9410000 - 0x00007ffdd94b7000 	C:\WINDOWS\system32\ADVAPI32.dll
0x00007ffddaee0000 - 0x00007ffddaf7d000 	C:\WINDOWS\system32\msvcrt.dll
0x00007ffddafb0000 - 0x00007ffddb00b000 	C:\WINDOWS\system32\sechost.dll
0x00007ffddad60000 - 0x00007ffddae7c000 	C:\WINDOWS\system32\RPCRT4.dll
0x00007ffdd85d0000 - 0x00007ffdd8726000 	C:\WINDOWS\system32\USER32.dll
0x00007ffddab60000 - 0x00007ffddace6000 	C:\WINDOWS\system32\GDI32.dll
0x00007ffdd1c10000 - 0x00007ffdd1e84000 	C:\WINDOWS\WinSxS\amd64_microsoft.windows.common-controls_6595b64144ccf1df_6.0.10586.0_none_8c15ae12515e1c22\COMCTL32.dll
0x00007ffdd8fc0000 - 0x00007ffdd923d000 	C:\WINDOWS\system32\combase.dll
0x00007ffdd8560000 - 0x00007ffdd85ca000 	C:\WINDOWS\system32\bcryptPrimitives.dll
0x00007ffdd8e30000 - 0x00007ffdd8e6b000 	C:\WINDOWS\system32\IMM32.DLL
0x0000000054fe0000 - 0x00000000550b2000 	C:\Program Files\Java\jre1.8.0_73\bin\msvcr100.dll
0x0000000055de0000 - 0x0000000056670000 	C:\Program Files\Java\jre1.8.0_73\bin\server\jvm.dll
0x00007ffddaf80000 - 0x00007ffddaf88000 	C:\WINDOWS\system32\PSAPI.DLL
0x00007ffdd6140000 - 0x00007ffdd6163000 	C:\WINDOWS\SYSTEM32\WINMM.dll
0x00007ffdd2860000 - 0x00007ffdd2869000 	C:\WINDOWS\SYSTEM32\WSOCK32.dll
0x00007ffdd2040000 - 0x00007ffdd204a000 	C:\WINDOWS\SYSTEM32\VERSION.dll
0x00007ffdd9240000 - 0x00007ffdd92ab000 	C:\WINDOWS\system32\WS2_32.dll
0x0000000002130000 - 0x000000000215c000 	C:\WINDOWS\SYSTEM32\WINMMBASE.dll
0x00007ffdd8150000 - 0x00007ffdd8193000 	C:\WINDOWS\system32\cfgmgr32.dll
0x0000000055cf0000 - 0x0000000055cff000 	C:\Program Files\Java\jre1.8.0_73\bin\verify.dll
0x0000000055cc0000 - 0x0000000055ce9000 	C:\Program Files\Java\jre1.8.0_73\bin\java.dll
0x0000000055c70000 - 0x0000000055c86000 	C:\Program Files\Java\jre1.8.0_73\bin\zip.dll
0x00007ffdd94c0000 - 0x00007ffddaa1c000 	C:\WINDOWS\system32\SHELL32.dll
0x00007ffdd7880000 - 0x00007ffdd7ec5000 	C:\WINDOWS\system32\windows.storage.dll
0x00007ffddacf0000 - 0x00007ffddad42000 	C:\WINDOWS\system32\shlwapi.dll
0x00007ffdd7860000 - 0x00007ffdd786f000 	C:\WINDOWS\system32\kernel.appcore.dll
0x00007ffdd7f30000 - 0x00007ffdd7fe5000 	C:\WINDOWS\system32\shcore.dll
0x00007ffdd77f0000 - 0x00007ffdd783b000 	C:\WINDOWS\system32\powrprof.dll
0x00007ffdd7840000 - 0x00007ffdd7854000 	C:\WINDOWS\system32\profapi.dll
0x00007ffdd1b00000 - 0x00007ffdd1b13000 	C:\Users\home\Desktop\coding\CustomLibraries\Sparky4j-core Native\glfw3.dll
0x00007ffdbf540000 - 0x00007ffdbf557000 	C:\WINDOWS\SYSTEM32\VCRUNTIME140.dll
0x00007ffdd6990000 - 0x00007ffdd6a84000 	C:\WINDOWS\SYSTEM32\ucrtbase.dll
0x00007ffdd7710000 - 0x00007ffdd771b000 	C:\WINDOWS\SYSTEM32\CRYPTBASE.DLL
0x00007ffdb8f80000 - 0x00007ffdb903c000 	C:\Users\home\Desktop\coding\CustomLibraries\Sparky4j-core Native\Sparky4j-core.dll
0x00007ffdb75a0000 - 0x00007ffdb76c9000 	C:\WINDOWS\SYSTEM32\OPENGL32.dll
0x00007ffdbf100000 - 0x00007ffdbf123000 	C:\WINDOWS\SYSTEM32\VCRUNTIME140D.dll
0x00007ffdb3ed0000 - 0x00007ffdb3fc7000 	C:\WINDOWS\SYSTEM32\MSVCP140D.dll
0x00007ffdb3850000 - 0x00007ffdb3a0b000 	C:\WINDOWS\SYSTEM32\ucrtbased.dll
0x00007ffdb7530000 - 0x00007ffdb755e000 	C:\WINDOWS\SYSTEM32\GLU32.dll
0x00007ffdb73c0000 - 0x00007ffdb74ba000 	C:\WINDOWS\SYSTEM32\DDRAW.dll
0x00007ffdb73b0000 - 0x00007ffdb73b8000 	C:\WINDOWS\SYSTEM32\DCIMAN32.dll
0x00007ffdd63e0000 - 0x00007ffdd6476000 	C:\WINDOWS\system32\uxtheme.dll
0x00007ffdd5a40000 - 0x00007ffdd5a62000 	C:\WINDOWS\SYSTEM32\dwmapi.dll
0x00007ffdd92b0000 - 0x00007ffdd940a000 	C:\WINDOWS\system32\MSCTF.dll
0x0000000052ed0000 - 0x0000000054c19000 	C:\WINDOWS\SYSTEM32\nvoglv64.DLL
0x00007ffdd8950000 - 0x00007ffdd8d79000 	C:\WINDOWS\system32\SETUPAPI.dll
0x00007ffdd54e0000 - 0x00007ffdd54f3000 	C:\WINDOWS\SYSTEM32\WTSAPI32.dll
0x00007ffdd5ad0000 - 0x00007ffdd5af7000 	C:\WINDOWS\SYSTEM32\DEVOBJ.dll
0x00007ffdd7ed0000 - 0x00007ffdd7f25000 	C:\WINDOWS\system32\WINTRUST.dll
0x00007ffdd7870000 - 0x00007ffdd7880000 	C:\WINDOWS\system32\MSASN1.dll
0x00007ffdd8390000 - 0x00007ffdd8557000 	C:\WINDOWS\system32\CRYPT32.dll
0x00007ffdd6ce0000 - 0x00007ffdd6d11000 	C:\WINDOWS\SYSTEM32\ntmarta.dll
0x00007ffdd76b0000 - 0x00007ffdd7706000 	C:\WINDOWS\SYSTEM32\WINSTA.dll
0x00007ffdd4ec0000 - 0x00007ffdd4f63000 	C:\WINDOWS\system32\dxgi.dll
0x00007ffdd5030000 - 0x00007ffdd52d8000 	C:\WINDOWS\system32\d3d11.dll
0x00007ffdaab30000 - 0x00007ffdabcac000 	C:\WINDOWS\SYSTEM32\nvwgf2umx.dll
0x00007ffdd7720000 - 0x00007ffdd7749000 	C:\WINDOWS\SYSTEM32\bcrypt.dll
0x0000000180000000 - 0x00000001802b7000 	C:\WINDOWS\system32\nvspcap64.dll
0x00007ffdd8e70000 - 0x00007ffdd8fb3000 	C:\WINDOWS\system32\ole32.dll
0x00007ffddaa90000 - 0x00007ffddab51000 	C:\WINDOWS\system32\OLEAUT32.dll
0x00007ffdb4d80000 - 0x00007ffdb4f0c000 	C:\WINDOWS\SYSTEM32\dbghelp.dll

VM Arguments:
jvm_args: -Dfile.encoding=Cp1252 
java_command: itay.test.Main
java_class_path (initial): C:\Users\home\Desktop\coding\CustomLibraries\Sparky4j-core Native\bin
Launcher Type: SUN_STANDARD

Environment Variables:
PATH=C:/Program Files/Java/jre1.8.0_73/bin/server;C:/Program Files/Java/jre1.8.0_73/bin;C:/Program Files/Java/jre1.8.0_73/lib/amd64;C:\ProgramData\Oracle\Java\javapath;C:\Program Files (x86)\Lenovo\FusionEngine;C:\Program Files (x86)\NVIDIA Corporation\PhysX\Common;C:\Program Files (x86)\Intel\iCLS Client\;C:\Program Files\Intel\iCLS Client\;C:\WINDOWS\system32;C:\WINDOWS;C:\WINDOWS\System32\Wbem;C:\WINDOWS\System32\WindowsPowerShell\v1.0\;C:\Program Files\Intel\Intel(R) Management Engine Components\DAL;C:\Program Files\Intel\Intel(R) Management Engine Components\IPT;C:\Program Files (x86)\Intel\Intel(R) Management Engine Components\DAL;C:\Program Files (x86)\Intel\Intel(R) Management Engine Components\IPT;C:\Program Files\Intel\WiFi\bin\;C:\Program Files\Common Files\Intel\WirelessCommon\;C:\Program Files (x86)\Lenovo\Motion Control\;C:\WINDOWS\system32\config\systemprofile\.dnx\bin;C:\Program Files\Microsoft DNX\Dnvm\;C:\Android;C:\Windows\System32;C:\Program Files (x86)\Windows Kits\10\Windows Performance Toolkit\;C:\Users\home\Desktop;
USERNAME=home
OS=Windows_NT
PROCESSOR_IDENTIFIER=Intel64 Family 6 Model 60 Stepping 3, GenuineIntel



---------------  S Y S T E M  ---------------

OS: Windows 10.0 , 64 bit Build 10586 (10.0.10586.0)

CPU:total 8 (4 cores per cpu, 2 threads per core) family 6 model 60 stepping 3, cmov, cx8, fxsr, mmx, sse, sse2, sse3, ssse3, sse4.1, sse4.2, popcnt, avx, avx2, aes, clmul, erms, lzcnt, ht, tsc, tscinvbit, bmi1, bmi2

Memory: 4k page, physical 15124760k(7702184k free), swap 17484056k(8479612k free)

vm_info: Java HotSpot(TM) 64-Bit Server VM (25.73-b02) for windows-amd64 JRE (1.8.0_73-b02), built on Jan 29 2016 17:38:49 by "java_re" with MS VC++ 10.0 (VS2010)

time: Fri Apr 01 00:06:59 2016
elapsed time: 0 seconds (0d 0h 0m 0s)

